2024-11-15 06:56:16 [WARNING] [连接开启] 连接已成功建立
2024-11-15 06:56:16 [WARNING] [连接开启] 连接已成功建立
2024-11-15 07:24:53 [WARNING] [连接开启] 连接已成功建立
2024-11-15 07:24:53 [WARNING] [连接开启] 连接已成功建立
2024-11-15 07:37:16 [WARNING] [连接开启] 连接已成功建立
2024-11-15 07:37:16 [WARNING] [连接开启] 连接已成功建立
2024-11-15 07:39:44 [WARNING] [连接开启] 连接已成功建立
2024-11-15 07:39:44 [WARNING] [连接开启] 连接已成功建立
2024-11-15 07:41:15 [WARNING] [连接开启] 连接已成功建立
2024-11-15 07:41:15 [WARNING] [连接开启] 连接已成功建立
2024-11-15 07:41:20 [WARNING] [连接关闭]: 状态码: None, 信息: None
2024-11-15 07:41:30 [WARNING] [连接开启] 连接已成功建立
2024-11-15 07:41:30 [WARNING] [连接开启] 连接已成功建立
2024-11-15 07:42:50 [WARNING] [连接开启] 连接已成功建立
2024-11-15 07:42:50 [WARNING] [连接开启] 连接已成功建立
2024-11-15 09:48:53 [WARNING] [连接开启] 连接已成功建立
2024-11-15 09:48:53 [WARNING] [连接开启] 连接已成功建立
2024-11-15 09:50:11 [WARNING] [连接开启] 连接已成功建立
2024-11-15 09:50:11 [WARNING] [连接开启] 连接已成功建立
2024-11-15 09:51:50 [WARNING] [连接开启] 连接已成功建立
2024-11-15 09:51:50 [WARNING] [连接开启] 连接已成功建立
2024-11-15 09:54:20 [WARNING] [连接开启] 连接已成功建立
2024-11-15 09:54:20 [WARNING] [连接开启] 连接已成功建立
2024-11-15 17:34:34 [WARNING] [连接开启] 连接已成功建立
2024-11-15 17:34:34 [WARNING] [连接开启] 连接已成功建立
2024-11-15 17:43:47 [WARNING] [连接开启] 连接已成功建立
2024-11-15 17:43:47 [WARNING] [连接开启] 连接已成功建立
2024-11-15 17:56:46 [WARNING] [连接开启] 连接已成功建立
2024-11-15 17:56:46 [WARNING] [连接开启] 连接已成功建立
2024-11-15 18:24:33 [WARNING] [连接开启] 连接已成功建立
2024-11-15 18:24:33 [WARNING] [连接开启] 连接已成功建立
2024-11-15 23:25:57 [WARNING] [连接开启] 连接已成功建立
2024-11-15 23:25:57 [WARNING] [连接开启] 连接已成功建立
2024-11-15 23:30:35 [WARNING] [连接开启] 连接已成功建立
2024-11-15 23:30:36 [WARNING] [连接开启] 连接已成功建立
2024-11-15 23:30:46 [WARNING] [连接开启] 连接已成功建立
2024-11-15 23:30:47 [WARNING] [连接开启] 连接已成功建立
2024-11-15 23:33:09 [WARNING] [连接开启] 连接已成功建立
2024-11-15 23:33:09 [WARNING] [连接开启] 连接已成功建立
2024-11-15 23:33:37 [WARNING] [连接开启] 连接已成功建立
2024-11-15 23:33:39 [WARNING] [连接开启] 连接已成功建立
2024-11-15 23:37:55 [WARNING] [连接开启] 连接已成功建立
2024-11-15 23:37:55 [WARNING] [连接开启] 连接已成功建立
2024-11-15 23:42:17 [WARNING] [连接开启] 连接已成功建立
2024-11-15 23:42:18 [WARNING] [连接开启] 连接已成功建立
2024-11-15 23:44:03 [WARNING] [连接开启] 连接已成功建立
2024-11-15 23:44:04 [WARNING] [连接开启] 连接已成功建立
2024-11-15 23:45:00 [WARNING] [连接开启] 连接已成功建立
2024-11-15 23:45:00 [WARNING] [连接开启] 连接已成功建立
2024-11-15 23:45:35 [WARNING] [连接开启] 连接已成功建立
2024-11-15 23:45:37 [WARNING] [连接开启] 连接已成功建立
2024-11-15 23:47:56 [WARNING] [连接开启] 连接已成功建立
2024-11-15 23:47:57 [WARNING] [连接开启] 连接已成功建立
2024-11-15 23:48:59 [WARNING] [连接开启] 连接已成功建立
2024-11-15 23:49:00 [WARNING] [连接开启] 连接已成功建立
2024-11-15 23:49:01 [WARNING] [连接关闭]: 状态码: None, 信息: None
2024-11-15 23:49:01 [WARNING] [连接关闭]: 状态码: None, 信息: None
2024-11-15 23:49:29 [WARNING] [连接开启] 连接已成功建立
2024-11-15 23:49:29 [WARNING] [连接开启] 连接已成功建立
2024-11-15 23:49:31 [WARNING] [连接关闭]: 状态码: None, 信息: None
2024-11-15 23:49:33 [WARNING] [连接开启] 连接已成功建立
2024-11-15 23:49:33 [WARNING] [连接开启] 连接已成功建立
2024-11-15 23:49:39 [WARNING] [连接关闭]: 状态码: None, 信息: None
2024-11-15 23:49:40 [WARNING] [连接关闭]: 状态码: None, 信息: None
2024-11-15 23:51:50 [WARNING] [连接开启] 连接已成功建立
2024-11-15 23:51:50 [WARNING] [连接开启] 连接已成功建立
2024-11-15 23:55:16 [WARNING] [连接开启] 连接已成功建立
2024-11-15 23:55:16 [WARNING] [连接开启] 连接已成功建立
2024-11-15 23:56:09 [WARNING] [连接开启] 连接已成功建立
2024-11-15 23:56:09 [WARNING] [连接开启] 连接已成功建立
2024-11-15 23:56:12 [WARNING] [连接关闭]: 状态码: None, 信息: None
2024-11-15 23:56:13 [WARNING] [连接关闭]: 状态码: None, 信息: None
2024-11-15 23:56:25 [WARNING] [连接开启] 连接已成功建立
2024-11-15 23:56:28 [WARNING] [连接开启] 连接已成功建立
2024-11-15 23:59:13 [WARNING] [连接开启] 连接已成功建立
2024-11-15 23:59:14 [WARNING] [连接开启] 连接已成功建立
2024-11-16 00:06:01 [WARNING] [连接开启] 连接已成功建立
2024-11-16 00:06:01 [WARNING] [连接开启] 连接已成功建立
2024-11-16 00:06:21 [WARNING] [连接开启] 连接已成功建立
2024-11-16 00:06:22 [WARNING] [连接开启] 连接已成功建立
2024-11-16 00:42:24 [WARNING] [连接开启] 连接已成功建立
2024-11-16 00:42:25 [WARNING] [连接开启] 连接已成功建立
2024-11-16 00:43:46 [WARNING] [连接开启] 连接已成功建立
2024-11-16 00:43:46 [WARNING] [连接开启] 连接已成功建立
2024-11-16 00:43:47 [WARNING] [连接关闭]: 状态码: None, 信息: None
2024-11-16 00:43:48 [WARNING] [连接关闭]: 状态码: None, 信息: None
2024-11-16 00:44:46 [WARNING] [连接开启] 连接已成功建立
2024-11-16 00:44:46 [WARNING] [连接开启] 连接已成功建立
2024-11-16 01:24:39 [WARNING] [连接开启] 连接已成功建立
2024-11-16 01:24:39 [WARNING] [连接开启] 连接已成功建立
2024-11-16 09:14:11 [ERROR] [连接错误]: WebSocket 遇到错误: Connection to remote host was lost.
2024-11-16 09:14:11 [WARNING] [连接关闭]: 状态码: None, 信息: None
2024-11-16 09:14:11 [WARNING] [重试连接] 3 秒后重试连接
2024-11-16 09:14:11 [ERROR] [连接错误]: WebSocket 遇到错误: Connection to remote host was lost.
2024-11-16 09:14:11 [WARNING] [连接关闭]: 状态码: None, 信息: None
2024-11-16 09:14:11 [WARNING] [重试连接] 3 秒后重试连接
2024-11-16 09:14:15 [ERROR] [连接错误]: WebSocket 遇到错误: Connection to remote host was lost.
2024-11-16 09:14:15 [WARNING] [连接关闭]: 状态码: None, 信息: None
2024-11-16 09:14:15 [WARNING] [重试连接] 3 秒后重试连接
2024-11-16 09:14:15 [ERROR] [连接错误]: WebSocket 遇到错误: Connection to remote host was lost.
2024-11-16 09:14:15 [WARNING] [连接关闭]: 状态码: None, 信息: None
2024-11-16 09:14:15 [WARNING] [重试连接] 3 秒后重试连接
2024-11-16 09:14:19 [ERROR] [连接错误]: WebSocket 遇到错误: Connection to remote host was lost.
2024-11-16 09:14:19 [WARNING] [连接关闭]: 状态码: None, 信息: None
2024-11-16 09:14:19 [WARNING] [重试连接] 3 秒后重试连接
2024-11-16 09:14:20 [ERROR] [连接错误]: WebSocket 遇到错误: Connection to remote host was lost.
2024-11-16 09:14:20 [WARNING] [连接关闭]: 状态码: None, 信息: None
2024-11-16 09:14:20 [WARNING] [重试连接] 3 秒后重试连接
2024-11-16 09:14:24 [ERROR] [连接错误]: WebSocket 遇到错误: Connection to remote host was lost.
2024-11-16 09:14:24 [WARNING] [连接关闭]: 状态码: None, 信息: None
2024-11-16 09:14:24 [WARNING] [重试连接] 3 秒后重试连接
2024-11-16 09:14:24 [ERROR] [连接错误]: WebSocket 遇到错误: Connection to remote host was lost.
2024-11-16 09:14:24 [WARNING] [连接关闭]: 状态码: None, 信息: None
2024-11-16 09:14:24 [WARNING] [重试连接] 3 秒后重试连接
2024-11-16 09:14:28 [ERROR] [连接错误]: WebSocket 遇到错误: Connection to remote host was lost.
2024-11-16 09:14:28 [WARNING] [连接关闭]: 状态码: None, 信息: None
2024-11-16 09:14:28 [WARNING] [重试连接] 3 秒后重试连接
2024-11-16 09:14:29 [ERROR] [连接错误]: WebSocket 遇到错误: Connection to remote host was lost.
2024-11-16 09:14:29 [WARNING] [连接关闭]: 状态码: None, 信息: None
2024-11-16 09:14:29 [WARNING] [重试连接] 3 秒后重试连接
2024-11-16 09:14:32 [WARNING] [连接开启] 连接已成功建立
2024-11-16 09:14:32 [WARNING] [连接开启] 连接已成功建立
2024-11-16 16:59:26 [ERROR] [连接错误]: WebSocket 遇到错误: Connection to remote host was lost.
2024-11-16 16:59:26 [WARNING] [连接关闭]: 状态码: None, 信息: None
2024-11-16 16:59:26 [WARNING] [重试连接] 3 秒后重试连接
2024-11-16 16:59:27 [ERROR] [连接错误]: WebSocket 遇到错误: Connection to remote host was lost.
2024-11-16 16:59:27 [WARNING] [连接关闭]: 状态码: None, 信息: None
2024-11-16 16:59:27 [WARNING] [重试连接] 3 秒后重试连接
2024-11-16 16:59:30 [WARNING] [连接开启] 连接已成功建立
2024-11-16 16:59:30 [WARNING] [连接开启] 连接已成功建立
2024-11-17 16:59:32 [WARNING] [连接关闭]: 状态码: 1000, 信息: 
2024-11-17 16:59:32 [WARNING] [重试连接] 3 秒后重试连接
2024-11-17 16:59:32 [WARNING] [连接关闭]: 状态码: 1000, 信息: 
2024-11-17 16:59:32 [WARNING] [重试连接] 3 秒后重试连接
2024-11-17 16:59:36 [WARNING] [连接开启] 连接已成功建立
2024-11-17 16:59:36 [WARNING] [连接开启] 连接已成功建立
2024-11-17 18:26:08 [WARNING] [连接开启] 连接已成功建立
2024-11-17 18:26:08 [WARNING] [连接开启] 连接已成功建立
2024-11-17 20:39:34 [WARNING] [连接开启] 连接已成功建立
2024-11-17 20:39:34 [WARNING] [连接开启] 连接已成功建立
2024-11-17 20:49:41 [WARNING] [连接开启] 连接已成功建立
2024-11-17 20:49:41 [WARNING] [连接开启] 连接已成功建立
2024-11-17 22:40:50 [WARNING] [连接开启] 连接已成功建立
2024-11-17 22:40:50 [WARNING] [连接开启] 连接已成功建立
2024-11-17 22:41:24 [WARNING] [连接开启] 连接已成功建立
2024-11-17 22:41:24 [WARNING] [连接开启] 连接已成功建立
2024-11-17 22:51:23 [WARNING] [连接关闭]: 状态码: None, 信息: None
2024-11-17 22:51:24 [WARNING] [连接关闭]: 状态码: None, 信息: None
2024-11-17 22:52:01 [WARNING] [连接开启] 连接已成功建立
2024-11-17 22:52:01 [WARNING] [连接开启] 连接已成功建立
2024-11-17 23:11:48 [WARNING] [连接开启] 连接已成功建立
2024-11-17 23:11:48 [WARNING] [连接开启] 连接已成功建立
2024-11-17 23:26:58 [WARNING] [连接开启] 连接已成功建立
2024-11-17 23:26:58 [WARNING] [连接开启] 连接已成功建立
2024-11-18 00:26:47 [WARNING] [连接开启] 连接已成功建立
2024-11-18 00:26:47 [WARNING] [连接开启] 连接已成功建立
2024-11-18 21:03:09 [WARNING] [连接开启] 连接已成功建立
2024-11-18 21:03:09 [WARNING] [连接开启] 连接已成功建立
2024-11-18 21:06:18 [WARNING] [连接开启] 连接已成功建立
2024-11-18 21:06:18 [WARNING] [连接开启] 连接已成功建立
2024-11-18 21:16:49 [WARNING] [连接开启] 连接已成功建立
2024-11-18 21:16:49 [WARNING] [连接开启] 连接已成功建立
2024-11-18 21:17:58 [WARNING] [连接开启] 连接已成功建立
2024-11-18 21:17:58 [WARNING] [连接开启] 连接已成功建立
2024-11-18 21:23:48 [WARNING] [连接开启] 连接已成功建立
2024-11-18 21:23:48 [WARNING] [连接开启] 连接已成功建立
2024-11-18 21:25:59 [WARNING] [连接开启] 连接已成功建立
2024-11-18 21:25:59 [WARNING] [连接开启] 连接已成功建立
2024-11-18 21:28:33 [WARNING] [连接开启] 连接已成功建立
2024-11-18 21:28:33 [WARNING] [连接开启] 连接已成功建立
2024-11-18 22:20:39 [WARNING] [连接开启] 连接已成功建立
2024-11-18 22:20:39 [WARNING] [连接开启] 连接已成功建立
2024-11-18 22:22:01 [WARNING] [连接开启] 连接已成功建立
2024-11-18 22:22:01 [WARNING] [连接开启] 连接已成功建立
2024-11-18 22:42:56 [WARNING] [连接开启] 连接已成功建立
2024-11-18 22:42:56 [WARNING] [连接开启] 连接已成功建立
2024-11-19 00:06:09 [WARNING] [连接开启] 连接已成功建立
2024-11-19 00:06:09 [WARNING] [连接开启] 连接已成功建立
2024-11-23 01:33:32 [WARNING] [连接开启] 连接已成功建立
2024-11-23 01:33:32 [WARNING] [连接开启] 连接已成功建立
2024-11-23 02:03:58 [WARNING] [连接开启] 连接已成功建立
2024-11-23 02:03:58 [WARNING] [连接开启] 连接已成功建立
2024-11-23 04:25:15 [WARNING] [连接关闭]: 状态码: None, 信息: None
2024-11-23 04:25:26 [WARNING] [连接开启] 连接已成功建立
2024-11-23 04:25:26 [WARNING] [连接开启] 连接已成功建立
