2024-10-25 11:34:55 [WARNING] [进程开启] [01-- 接收者线程启动成功]
2024-10-25 11:34:55 [WARNING] [进程开启] [02-- 发送者线程启动成功]
2024-10-25 11:34:55 [WARNING] [进程开启] [03-- 下单者线程启动成功]
2024-10-25 11:34:55 [WARNING] [进程开启] [04-- 数据加工线程启动成功]
2024-10-25 11:34:56 [WARNING] [ 接收者队列为空 ]
2024-10-25 11:34:57 [WARNING] [ 接收者队列为空 ]
2024-10-25 11:35:07 [WARNING] [ 接收者队列为空 ]
2024-10-25 11:35:10 [WARNING] [ 接收者队列为空 ]
2024-10-25 11:35:11 [WARNING] [ 接收者队列为空 ]
2024-10-25 11:35:13 [WARNING] [ 接收者队列为空 ]
2024-10-25 11:35:14 [WARNING] [ 接收者队列为空 ]
2024-10-25 11:35:17 [WARNING] [ 接收者队列为空 ]
2024-10-25 11:35:18 [WARNING] [ 接收者队列为空 ]
2024-10-25 11:35:20 [WARNING] [ 接收者队列为空 ]
2024-10-25 11:35:22 [WARNING] [ 接收者队列为空 ]
2024-10-25 11:35:23 [WARNING] [ 接收者队列为空 ]
2024-10-25 11:35:26 [WARNING] [ 接收者队列为空 ]
2024-10-25 11:35:27 [WARNING] [ 接收者队列为空 ]
2024-10-25 11:35:29 [WARNING] [ 接收者队列为空 ]
2024-10-25 11:35:30 [WARNING] [ 接收者队列为空 ]
2024-10-25 11:35:32 [WARNING] [ 接收者队列为空 ]
2024-10-25 11:35:33 [WARNING] [ 接收者队列为空 ]
2024-10-25 11:35:35 [WARNING] [ 接收者队列为空 ]
2024-10-25 11:35:36 [WARNING] [ 接收者队列为空 ]
2024-10-25 11:35:38 [WARNING] [ 接收者队列为空 ]
