2024-10-25 12:09:54 [INFO] [管道02-->赔率转换] 字段 'home_team_odds' 转换成功: '2.85' -> 2.85
2024-10-25 12:09:54 [INFO] [管道02-->赔率转换] 字段 'guest_team_odds' 转换成功: '2.3' -> 2.3
2024-10-25 12:09:54 [INFO] [管道02-->赔率转换] 字段 'draw_odds' 转换成功: '3.25' -> 3.25
2024-10-25 12:09:54 [INFO] [管道02-->赔率转换] 字段 'home_team_odds' 转换成功: '2.85' -> 2.85
2024-10-25 12:09:54 [INFO] [管道02-->赔率转换] 字段 'guest_team_odds' 转换成功: '2.3' -> 2.3
2024-10-25 12:09:54 [INFO] [管道02-->赔率转换] 字段 'draw_odds' 转换成功: '3.25' -> 3.25
2024-10-25 12:09:57 [INFO] [管道02-->赔率转换] 字段 'home_team_odds' 转换成功: '2.85' -> 2.85
2024-10-25 12:09:57 [INFO] [管道02-->赔率转换] 字段 'guest_team_odds' 转换成功: '2.3' -> 2.3
2024-10-25 12:09:57 [INFO] [管道02-->赔率转换] 字段 'draw_odds' 转换成功: '3.25' -> 3.25
2024-10-25 12:10:06 [INFO] [管道02-->赔率转换] 字段 'home_team_odds' 转换成功: '2.85' -> 2.85
2024-10-25 12:10:06 [INFO] [管道02-->赔率转换] 字段 'guest_team_odds' 转换成功: '2.3' -> 2.3
2024-10-25 12:10:06 [INFO] [管道02-->赔率转换] 字段 'draw_odds' 转换成功: '3.25' -> 3.25
2024-10-25 12:10:06 [INFO] [管道02-->赔率转换] 字段 'home_team_odds' 转换成功: '2.85' -> 2.85
2024-10-25 12:10:06 [INFO] [管道02-->赔率转换] 字段 'guest_team_odds' 转换成功: '2.3' -> 2.3
2024-10-25 12:10:06 [INFO] [管道02-->赔率转换] 字段 'draw_odds' 转换成功: '3.25' -> 3.25
2024-10-25 12:10:06 [INFO] [管道02-->赔率转换] 字段 'home_team_odds' 转换成功: '2.85' -> 2.85
2024-10-25 12:10:06 [INFO] [管道02-->赔率转换] 字段 'guest_team_odds' 转换成功: '2.3' -> 2.3
2024-10-25 12:10:06 [INFO] [管道02-->赔率转换] 字段 'draw_odds' 转换成功: '3.25' -> 3.25
2024-10-25 12:10:06 [INFO] [管道02-->赔率转换] 字段 'home_team_odds' 转换成功: '2.85' -> 2.85
2024-10-25 12:10:06 [INFO] [管道02-->赔率转换] 字段 'guest_team_odds' 转换成功: '2.3' -> 2.3
2024-10-25 12:10:06 [INFO] [管道02-->赔率转换] 字段 'draw_odds' 转换成功: '3.25' -> 3.25
2024-10-25 12:10:06 [INFO] [管道02-->赔率转换] 字段 'home_team_odds' 转换成功: '2.85' -> 2.85
2024-10-25 12:10:06 [INFO] [管道02-->赔率转换] 字段 'guest_team_odds' 转换成功: '2.3' -> 2.3
2024-10-25 12:10:06 [INFO] [管道02-->赔率转换] 字段 'draw_odds' 转换成功: '3.25' -> 3.25
2024-10-25 12:10:06 [INFO] [管道02-->赔率转换] 字段 'home_team_odds' 转换成功: '2.85' -> 2.85
2024-10-25 12:10:06 [INFO] [管道02-->赔率转换] 字段 'guest_team_odds' 转换成功: '2.3' -> 2.3
2024-10-25 12:10:06 [INFO] [管道02-->赔率转换] 字段 'draw_odds' 转换成功: '3.25' -> 3.25
2024-10-25 12:10:06 [INFO] [管道02-->赔率转换] 字段 'home_team_odds' 转换成功: '2.85' -> 2.85
2024-10-25 12:10:06 [INFO] [管道02-->赔率转换] 字段 'guest_team_odds' 转换成功: '2.3' -> 2.3
2024-10-25 12:10:06 [INFO] [管道02-->赔率转换] 字段 'draw_odds' 转换成功: '3.25' -> 3.25
2024-10-25 12:10:06 [INFO] [管道02-->赔率转换] 字段 'home_team_odds' 转换成功: '2.85' -> 2.85
2024-10-25 12:10:06 [INFO] [管道02-->赔率转换] 字段 'guest_team_odds' 转换成功: '2.3' -> 2.3
2024-10-25 12:10:06 [INFO] [管道02-->赔率转换] 字段 'draw_odds' 转换成功: '3.15' -> 3.15
2024-10-25 12:10:06 [INFO] [管道02-->赔率转换] 字段 'home_team_odds' 转换成功: '2.85' -> 2.85
2024-10-25 12:10:06 [INFO] [管道02-->赔率转换] 字段 'guest_team_odds' 转换成功: '2.3' -> 2.3
2024-10-25 12:10:06 [INFO] [管道02-->赔率转换] 字段 'draw_odds' 转换成功: '3.15' -> 3.15
2024-10-25 12:10:06 [INFO] [管道02-->赔率转换] 字段 'home_team_odds' 转换成功: '2.9' -> 2.9
2024-10-25 12:10:06 [INFO] [管道02-->赔率转换] 字段 'guest_team_odds' 转换成功: '3.2' -> 3.2
2024-10-25 12:10:06 [INFO] [管道02-->赔率转换] 字段 'draw_odds' 转换成功: '2.85' -> 2.85
2024-10-25 12:10:06 [INFO] [管道02-->赔率转换] 字段 'home_team_odds' 转换成功: '2.9' -> 2.9
2024-10-25 12:10:06 [INFO] [管道02-->赔率转换] 字段 'guest_team_odds' 转换成功: '3.2' -> 3.2
2024-10-25 12:10:06 [INFO] [管道02-->赔率转换] 字段 'draw_odds' 转换成功: '2.85' -> 2.85
2024-10-25 12:10:06 [INFO] [管道02-->赔率转换] 字段 'home_team_odds' 转换成功: '2.9' -> 2.9
2024-10-25 12:10:06 [INFO] [管道02-->赔率转换] 字段 'guest_team_odds' 转换成功: '2.35' -> 2.35
2024-10-25 12:10:06 [INFO] [管道02-->赔率转换] 字段 'draw_odds' 转换成功: '3.2' -> 3.2
2024-10-25 12:10:06 [INFO] [管道02-->赔率转换] 字段 'home_team_odds' 转换成功: '2.9' -> 2.9
2024-10-25 12:10:06 [INFO] [管道02-->赔率转换] 字段 'guest_team_odds' 转换成功: '2.35' -> 2.35
2024-10-25 12:10:06 [INFO] [管道02-->赔率转换] 字段 'draw_odds' 转换成功: '3.2' -> 3.2
2024-10-25 12:10:06 [INFO] [管道02-->赔率转换] 字段 'home_team_odds' 转换成功: '2.85' -> 2.85
2024-10-25 12:10:06 [INFO] [管道02-->赔率转换] 字段 'guest_team_odds' 转换成功: '2.3' -> 2.3
2024-10-25 12:10:06 [INFO] [管道02-->赔率转换] 字段 'draw_odds' 转换成功: '3.15' -> 3.15
2024-10-25 12:10:06 [INFO] [管道02-->赔率转换] 字段 'home_team_odds' 转换成功: '2.85' -> 2.85
2024-10-25 12:10:06 [INFO] [管道02-->赔率转换] 字段 'guest_team_odds' 转换成功: '2.3' -> 2.3
2024-10-25 12:10:06 [INFO] [管道02-->赔率转换] 字段 'draw_odds' 转换成功: '3.15' -> 3.15
2024-10-25 12:10:06 [INFO] [管道02-->赔率转换] 字段 'home_team_odds' 转换成功: '2.9' -> 2.9
2024-10-25 12:10:06 [INFO] [管道02-->赔率转换] 字段 'guest_team_odds' 转换成功: '2.35' -> 2.35
2024-10-25 12:10:06 [INFO] [管道02-->赔率转换] 字段 'draw_odds' 转换成功: '3.2' -> 3.2
2024-10-25 12:10:06 [INFO] [管道02-->赔率转换] 字段 'home_team_odds' 转换成功: '2.9' -> 2.9
2024-10-25 12:10:06 [INFO] [管道02-->赔率转换] 字段 'guest_team_odds' 转换成功: '2.35' -> 2.35
2024-10-25 12:10:06 [INFO] [管道02-->赔率转换] 字段 'draw_odds' 转换成功: '3.2' -> 3.2
2024-10-25 12:10:07 [INFO] [管道02-->赔率转换] 字段 'home_team_odds' 转换成功: '2.85' -> 2.85
2024-10-25 12:10:07 [INFO] [管道02-->赔率转换] 字段 'guest_team_odds' 转换成功: '2.3' -> 2.3
2024-10-25 12:10:07 [INFO] [管道02-->赔率转换] 字段 'draw_odds' 转换成功: '3.15' -> 3.15
2024-10-25 12:10:07 [INFO] [管道02-->赔率转换] 字段 'home_team_odds' 转换成功: '2.85' -> 2.85
2024-10-25 12:10:07 [INFO] [管道02-->赔率转换] 字段 'guest_team_odds' 转换成功: '2.3' -> 2.3
2024-10-25 12:10:07 [INFO] [管道02-->赔率转换] 字段 'draw_odds' 转换成功: '3.15' -> 3.15
2024-10-25 12:10:09 [INFO] [管道02-->赔率转换] 字段 'home_team_odds' 转换成功: '2.9' -> 2.9
2024-10-25 12:10:09 [INFO] [管道02-->赔率转换] 字段 'guest_team_odds' 转换成功: '2.35' -> 2.35
2024-10-25 12:10:09 [INFO] [管道02-->赔率转换] 字段 'draw_odds' 转换成功: '3.2' -> 3.2
2024-10-25 12:10:09 [INFO] [管道02-->赔率转换] 字段 'home_team_odds' 转换成功: '2.9' -> 2.9
2024-10-25 12:10:09 [INFO] [管道02-->赔率转换] 字段 'guest_team_odds' 转换成功: '2.35' -> 2.35
2024-10-25 12:10:09 [INFO] [管道02-->赔率转换] 字段 'draw_odds' 转换成功: '3.2' -> 3.2
2024-10-25 12:10:11 [INFO] [管道02-->赔率转换] 字段 'home_team_odds' 转换成功: '2.85' -> 2.85
2024-10-25 12:10:11 [INFO] [管道02-->赔率转换] 字段 'guest_team_odds' 转换成功: '2.3' -> 2.3
2024-10-25 12:10:11 [INFO] [管道02-->赔率转换] 字段 'draw_odds' 转换成功: '3.15' -> 3.15
2024-10-25 12:10:11 [INFO] [管道02-->赔率转换] 字段 'home_team_odds' 转换成功: '2.85' -> 2.85
2024-10-25 12:10:11 [INFO] [管道02-->赔率转换] 字段 'guest_team_odds' 转换成功: '2.3' -> 2.3
2024-10-25 12:10:11 [INFO] [管道02-->赔率转换] 字段 'draw_odds' 转换成功: '3.15' -> 3.15
2024-10-25 12:10:12 [INFO] [管道02-->赔率转换] 字段 'home_team_odds' 转换成功: '2.9' -> 2.9
2024-10-25 12:10:12 [INFO] [管道02-->赔率转换] 字段 'guest_team_odds' 转换成功: '2.35' -> 2.35
2024-10-25 12:10:12 [INFO] [管道02-->赔率转换] 字段 'draw_odds' 转换成功: '3.2' -> 3.2
2024-10-25 12:10:12 [INFO] [管道02-->赔率转换] 字段 'home_team_odds' 转换成功: '2.9' -> 2.9
2024-10-25 12:10:12 [INFO] [管道02-->赔率转换] 字段 'guest_team_odds' 转换成功: '2.35' -> 2.35
2024-10-25 12:10:12 [INFO] [管道02-->赔率转换] 字段 'draw_odds' 转换成功: '3.2' -> 3.2
2024-10-25 12:10:14 [INFO] [管道02-->赔率转换] 字段 'home_team_odds' 转换成功: '2.85' -> 2.85
2024-10-25 12:10:14 [INFO] [管道02-->赔率转换] 字段 'guest_team_odds' 转换成功: '2.3' -> 2.3
2024-10-25 12:10:14 [INFO] [管道02-->赔率转换] 字段 'draw_odds' 转换成功: '3.15' -> 3.15
2024-10-25 12:10:14 [INFO] [管道02-->赔率转换] 字段 'home_team_odds' 转换成功: '2.85' -> 2.85
2024-10-25 12:10:14 [INFO] [管道02-->赔率转换] 字段 'guest_team_odds' 转换成功: '2.3' -> 2.3
2024-10-25 12:10:14 [INFO] [管道02-->赔率转换] 字段 'draw_odds' 转换成功: '3.15' -> 3.15
2024-10-25 12:10:15 [INFO] [管道02-->赔率转换] 字段 'home_team_odds' 转换成功: '2.9' -> 2.9
2024-10-25 12:10:15 [INFO] [管道02-->赔率转换] 字段 'guest_team_odds' 转换成功: '2.35' -> 2.35
2024-10-25 12:10:15 [INFO] [管道02-->赔率转换] 字段 'draw_odds' 转换成功: '3.2' -> 3.2
2024-10-25 12:10:15 [INFO] [管道02-->赔率转换] 字段 'home_team_odds' 转换成功: '2.9' -> 2.9
2024-10-25 12:10:15 [INFO] [管道02-->赔率转换] 字段 'guest_team_odds' 转换成功: '2.35' -> 2.35
2024-10-25 12:10:15 [INFO] [管道02-->赔率转换] 字段 'draw_odds' 转换成功: '3.2' -> 3.2
2024-10-25 12:10:17 [INFO] [管道02-->赔率转换] 字段 'home_team_odds' 转换成功: '2.85' -> 2.85
2024-10-25 12:10:17 [INFO] [管道02-->赔率转换] 字段 'guest_team_odds' 转换成功: '2.3' -> 2.3
2024-10-25 12:10:17 [INFO] [管道02-->赔率转换] 字段 'draw_odds' 转换成功: '3.15' -> 3.15
2024-10-25 12:10:17 [INFO] [管道02-->赔率转换] 字段 'home_team_odds' 转换成功: '2.85' -> 2.85
2024-10-25 12:10:17 [INFO] [管道02-->赔率转换] 字段 'guest_team_odds' 转换成功: '2.3' -> 2.3
2024-10-25 12:10:17 [INFO] [管道02-->赔率转换] 字段 'draw_odds' 转换成功: '3.15' -> 3.15
2024-10-25 12:10:18 [INFO] [管道02-->赔率转换] 字段 'home_team_odds' 转换成功: '2.9' -> 2.9
2024-10-25 12:10:18 [INFO] [管道02-->赔率转换] 字段 'guest_team_odds' 转换成功: '2.35' -> 2.35
2024-10-25 12:10:18 [INFO] [管道02-->赔率转换] 字段 'draw_odds' 转换成功: '3.2' -> 3.2
2024-10-25 12:10:18 [INFO] [管道02-->赔率转换] 字段 'home_team_odds' 转换成功: '2.9' -> 2.9
2024-10-25 12:10:18 [INFO] [管道02-->赔率转换] 字段 'guest_team_odds' 转换成功: '2.35' -> 2.35
2024-10-25 12:10:18 [INFO] [管道02-->赔率转换] 字段 'draw_odds' 转换成功: '3.2' -> 3.2
2024-10-25 12:10:20 [INFO] [管道02-->赔率转换] 字段 'home_team_odds' 转换成功: '2.85' -> 2.85
2024-10-25 12:10:20 [INFO] [管道02-->赔率转换] 字段 'guest_team_odds' 转换成功: '2.3' -> 2.3
2024-10-25 12:10:20 [INFO] [管道02-->赔率转换] 字段 'draw_odds' 转换成功: '3.15' -> 3.15
2024-10-25 12:10:20 [INFO] [管道02-->赔率转换] 字段 'home_team_odds' 转换成功: '2.85' -> 2.85
2024-10-25 12:10:20 [INFO] [管道02-->赔率转换] 字段 'guest_team_odds' 转换成功: '2.3' -> 2.3
2024-10-25 12:10:20 [INFO] [管道02-->赔率转换] 字段 'draw_odds' 转换成功: '3.15' -> 3.15
2024-10-25 12:10:21 [INFO] [管道02-->赔率转换] 字段 'home_team_odds' 转换成功: '2.9' -> 2.9
2024-10-25 12:10:21 [INFO] [管道02-->赔率转换] 字段 'guest_team_odds' 转换成功: '2.35' -> 2.35
2024-10-25 12:10:21 [INFO] [管道02-->赔率转换] 字段 'draw_odds' 转换成功: '3.2' -> 3.2
2024-10-25 12:10:21 [INFO] [管道02-->赔率转换] 字段 'home_team_odds' 转换成功: '2.9' -> 2.9
2024-10-25 12:10:21 [INFO] [管道02-->赔率转换] 字段 'guest_team_odds' 转换成功: '2.35' -> 2.35
2024-10-25 12:10:21 [INFO] [管道02-->赔率转换] 字段 'draw_odds' 转换成功: '3.2' -> 3.2
2024-10-25 12:10:24 [INFO] [管道02-->赔率转换] 字段 'home_team_odds' 转换成功: '2.85' -> 2.85
2024-10-25 12:10:24 [INFO] [管道02-->赔率转换] 字段 'guest_team_odds' 转换成功: '2.3' -> 2.3
2024-10-25 12:10:24 [INFO] [管道02-->赔率转换] 字段 'draw_odds' 转换成功: '3.15' -> 3.15
2024-10-25 12:10:24 [INFO] [管道02-->赔率转换] 字段 'home_team_odds' 转换成功: '2.85' -> 2.85
2024-10-25 12:10:24 [INFO] [管道02-->赔率转换] 字段 'guest_team_odds' 转换成功: '2.3' -> 2.3
2024-10-25 12:10:24 [INFO] [管道02-->赔率转换] 字段 'draw_odds' 转换成功: '3.15' -> 3.15
2024-10-25 12:10:24 [INFO] [管道02-->赔率转换] 字段 'home_team_odds' 转换成功: '2.9' -> 2.9
2024-10-25 12:10:24 [INFO] [管道02-->赔率转换] 字段 'guest_team_odds' 转换成功: '2.35' -> 2.35
2024-10-25 12:10:24 [INFO] [管道02-->赔率转换] 字段 'draw_odds' 转换成功: '3.2' -> 3.2
2024-10-25 12:10:24 [INFO] [管道02-->赔率转换] 字段 'home_team_odds' 转换成功: '2.9' -> 2.9
2024-10-25 12:10:24 [INFO] [管道02-->赔率转换] 字段 'guest_team_odds' 转换成功: '2.35' -> 2.35
2024-10-25 12:10:24 [INFO] [管道02-->赔率转换] 字段 'draw_odds' 转换成功: '3.2' -> 3.2
2024-10-25 12:10:27 [INFO] [管道02-->赔率转换] 字段 'home_team_odds' 转换成功: '2.9' -> 2.9
2024-10-25 12:10:27 [INFO] [管道02-->赔率转换] 字段 'guest_team_odds' 转换成功: '2.35' -> 2.35
2024-10-25 12:10:27 [INFO] [管道02-->赔率转换] 字段 'draw_odds' 转换成功: '3.2' -> 3.2
2024-10-25 12:10:27 [INFO] [管道02-->赔率转换] 字段 'home_team_odds' 转换成功: '2.9' -> 2.9
2024-10-25 12:10:27 [INFO] [管道02-->赔率转换] 字段 'guest_team_odds' 转换成功: '2.35' -> 2.35
2024-10-25 12:10:27 [INFO] [管道02-->赔率转换] 字段 'draw_odds' 转换成功: '3.2' -> 3.2
2024-10-25 12:10:27 [INFO] [管道02-->赔率转换] 字段 'home_team_odds' 转换成功: '2.85' -> 2.85
2024-10-25 12:10:27 [INFO] [管道02-->赔率转换] 字段 'guest_team_odds' 转换成功: '2.3' -> 2.3
2024-10-25 12:10:27 [INFO] [管道02-->赔率转换] 字段 'draw_odds' 转换成功: '3.15' -> 3.15
2024-10-25 12:10:27 [INFO] [管道02-->赔率转换] 字段 'home_team_odds' 转换成功: '2.85' -> 2.85
2024-10-25 12:10:27 [INFO] [管道02-->赔率转换] 字段 'guest_team_odds' 转换成功: '2.3' -> 2.3
2024-10-25 12:10:27 [INFO] [管道02-->赔率转换] 字段 'draw_odds' 转换成功: '3.15' -> 3.15
2024-10-25 12:10:30 [INFO] [管道02-->赔率转换] 字段 'home_team_odds' 转换成功: '2.9' -> 2.9
2024-10-25 12:10:30 [INFO] [管道02-->赔率转换] 字段 'guest_team_odds' 转换成功: '2.35' -> 2.35
2024-10-25 12:10:30 [INFO] [管道02-->赔率转换] 字段 'draw_odds' 转换成功: '3.2' -> 3.2
2024-10-25 12:10:30 [INFO] [管道02-->赔率转换] 字段 'home_team_odds' 转换成功: '2.9' -> 2.9
2024-10-25 12:10:30 [INFO] [管道02-->赔率转换] 字段 'guest_team_odds' 转换成功: '2.35' -> 2.35
2024-10-25 12:10:30 [INFO] [管道02-->赔率转换] 字段 'draw_odds' 转换成功: '3.2' -> 3.2
2024-10-25 12:10:30 [INFO] [管道02-->赔率转换] 字段 'home_team_odds' 转换成功: '2.85' -> 2.85
2024-10-25 12:10:30 [INFO] [管道02-->赔率转换] 字段 'guest_team_odds' 转换成功: '2.3' -> 2.3
2024-10-25 12:10:30 [INFO] [管道02-->赔率转换] 字段 'draw_odds' 转换成功: '3.15' -> 3.15
2024-10-25 12:10:30 [INFO] [管道02-->赔率转换] 字段 'home_team_odds' 转换成功: '2.85' -> 2.85
2024-10-25 12:10:30 [INFO] [管道02-->赔率转换] 字段 'guest_team_odds' 转换成功: '2.3' -> 2.3
2024-10-25 12:10:30 [INFO] [管道02-->赔率转换] 字段 'draw_odds' 转换成功: '3.15' -> 3.15
2024-10-25 12:10:31 [INFO] [管道02-->赔率转换] 字段 'home_team_odds' 转换成功: '2.9' -> 2.9
2024-10-25 12:10:31 [INFO] [管道02-->赔率转换] 字段 'guest_team_odds' 转换成功: '2.3' -> 2.3
2024-10-25 12:10:31 [INFO] [管道02-->赔率转换] 字段 'draw_odds' 转换成功: '3.15' -> 3.15
2024-10-25 12:10:31 [INFO] [管道02-->赔率转换] 字段 'home_team_odds' 转换成功: '2.9' -> 2.9
2024-10-25 12:10:31 [INFO] [管道02-->赔率转换] 字段 'guest_team_odds' 转换成功: '2.3' -> 2.3
2024-10-25 12:10:31 [INFO] [管道02-->赔率转换] 字段 'draw_odds' 转换成功: '3.15' -> 3.15
2024-10-25 12:10:32 [INFO] [管道02-->赔率转换] 字段 'home_team_odds' 转换成功: '2.95' -> 2.95
2024-10-25 12:10:32 [INFO] [管道02-->赔率转换] 字段 'guest_team_odds' 转换成功: '3.15' -> 3.15
2024-10-25 12:10:32 [INFO] [管道02-->赔率转换] 字段 'draw_odds' 转换成功: '2.9' -> 2.9
2024-10-25 12:10:32 [INFO] [管道02-->赔率转换] 字段 'home_team_odds' 转换成功: '2.95' -> 2.95
2024-10-25 12:10:32 [INFO] [管道02-->赔率转换] 字段 'guest_team_odds' 转换成功: '3.15' -> 3.15
2024-10-25 12:10:32 [INFO] [管道02-->赔率转换] 字段 'draw_odds' 转换成功: '2.9' -> 2.9
2024-10-25 12:10:32 [INFO] [管道02-->赔率转换] 字段 'home_team_odds' 转换成功: '2.95' -> 2.95
2024-10-25 12:10:32 [INFO] [管道02-->赔率转换] 字段 'guest_team_odds' 转换成功: '2.3' -> 2.3
2024-10-25 12:10:32 [INFO] [管道02-->赔率转换] 字段 'draw_odds' 转换成功: '3.15' -> 3.15
2024-10-25 12:10:32 [INFO] [管道02-->赔率转换] 字段 'home_team_odds' 转换成功: '2.95' -> 2.95
2024-10-25 12:10:32 [INFO] [管道02-->赔率转换] 字段 'guest_team_odds' 转换成功: '2.3' -> 2.3
2024-10-25 12:10:32 [INFO] [管道02-->赔率转换] 字段 'draw_odds' 转换成功: '3.15' -> 3.15
2024-10-25 12:10:34 [INFO] [管道02-->赔率转换] 字段 'home_team_odds' 转换成功: '2.9' -> 2.9
2024-10-25 12:10:34 [INFO] [管道02-->赔率转换] 字段 'guest_team_odds' 转换成功: '2.3' -> 2.3
2024-10-25 12:10:34 [INFO] [管道02-->赔率转换] 字段 'draw_odds' 转换成功: '3.15' -> 3.15
2024-10-25 12:10:34 [INFO] [管道02-->赔率转换] 字段 'home_team_odds' 转换成功: '2.9' -> 2.9
2024-10-25 12:10:34 [INFO] [管道02-->赔率转换] 字段 'guest_team_odds' 转换成功: '2.3' -> 2.3
2024-10-25 12:10:34 [INFO] [管道02-->赔率转换] 字段 'draw_odds' 转换成功: '3.15' -> 3.15
2024-10-25 12:10:35 [INFO] [管道02-->赔率转换] 字段 'home_team_odds' 转换成功: '2.95' -> 2.95
2024-10-25 12:10:35 [INFO] [管道02-->赔率转换] 字段 'guest_team_odds' 转换成功: '2.3' -> 2.3
2024-10-25 12:10:35 [INFO] [管道02-->赔率转换] 字段 'draw_odds' 转换成功: '3.15' -> 3.15
2024-10-25 12:10:35 [INFO] [管道02-->赔率转换] 字段 'home_team_odds' 转换成功: '2.95' -> 2.95
2024-10-25 12:10:35 [INFO] [管道02-->赔率转换] 字段 'guest_team_odds' 转换成功: '2.3' -> 2.3
2024-10-25 12:10:35 [INFO] [管道02-->赔率转换] 字段 'draw_odds' 转换成功: '3.15' -> 3.15
2024-10-25 12:10:37 [INFO] [管道02-->赔率转换] 字段 'home_team_odds' 转换成功: '2.9' -> 2.9
2024-10-25 12:10:37 [INFO] [管道02-->赔率转换] 字段 'guest_team_odds' 转换成功: '2.3' -> 2.3
2024-10-25 12:10:37 [INFO] [管道02-->赔率转换] 字段 'draw_odds' 转换成功: '3.15' -> 3.15
2024-10-25 12:10:37 [INFO] [管道02-->赔率转换] 字段 'home_team_odds' 转换成功: '2.9' -> 2.9
2024-10-25 12:10:37 [INFO] [管道02-->赔率转换] 字段 'guest_team_odds' 转换成功: '2.3' -> 2.3
2024-10-25 12:10:37 [INFO] [管道02-->赔率转换] 字段 'draw_odds' 转换成功: '3.15' -> 3.15
2024-10-25 12:10:38 [INFO] [管道02-->赔率转换] 字段 'home_team_odds' 转换成功: '2.95' -> 2.95
2024-10-25 12:10:38 [INFO] [管道02-->赔率转换] 字段 'guest_team_odds' 转换成功: '2.3' -> 2.3
2024-10-25 12:10:38 [INFO] [管道02-->赔率转换] 字段 'draw_odds' 转换成功: '3.15' -> 3.15
2024-10-25 12:10:38 [INFO] [管道02-->赔率转换] 字段 'home_team_odds' 转换成功: '2.95' -> 2.95
2024-10-25 12:10:38 [INFO] [管道02-->赔率转换] 字段 'guest_team_odds' 转换成功: '2.3' -> 2.3
2024-10-25 12:10:38 [INFO] [管道02-->赔率转换] 字段 'draw_odds' 转换成功: '3.15' -> 3.15
2024-10-25 12:10:41 [INFO] [管道02-->赔率转换] 字段 'home_team_odds' 转换成功: '2.9' -> 2.9
2024-10-25 12:10:41 [INFO] [管道02-->赔率转换] 字段 'guest_team_odds' 转换成功: '2.3' -> 2.3
2024-10-25 12:10:41 [INFO] [管道02-->赔率转换] 字段 'draw_odds' 转换成功: '3.15' -> 3.15
2024-10-25 12:10:41 [INFO] [管道02-->赔率转换] 字段 'home_team_odds' 转换成功: '2.9' -> 2.9
2024-10-25 12:10:41 [INFO] [管道02-->赔率转换] 字段 'guest_team_odds' 转换成功: '2.3' -> 2.3
2024-10-25 12:10:41 [INFO] [管道02-->赔率转换] 字段 'draw_odds' 转换成功: '3.15' -> 3.15
2024-10-25 12:10:41 [INFO] [管道02-->赔率转换] 字段 'home_team_odds' 转换成功: '2.95' -> 2.95
2024-10-25 12:10:41 [INFO] [管道02-->赔率转换] 字段 'guest_team_odds' 转换成功: '2.3' -> 2.3
2024-10-25 12:10:41 [INFO] [管道02-->赔率转换] 字段 'draw_odds' 转换成功: '3.15' -> 3.15
2024-10-25 12:10:41 [INFO] [管道02-->赔率转换] 字段 'home_team_odds' 转换成功: '2.95' -> 2.95
2024-10-25 12:10:41 [INFO] [管道02-->赔率转换] 字段 'guest_team_odds' 转换成功: '2.3' -> 2.3
2024-10-25 12:10:41 [INFO] [管道02-->赔率转换] 字段 'draw_odds' 转换成功: '3.15' -> 3.15
2024-10-25 12:10:44 [INFO] [管道02-->赔率转换] 字段 'home_team_odds' 转换成功: '2.9' -> 2.9
2024-10-25 12:10:44 [INFO] [管道02-->赔率转换] 字段 'guest_team_odds' 转换成功: '2.3' -> 2.3
2024-10-25 12:10:44 [INFO] [管道02-->赔率转换] 字段 'draw_odds' 转换成功: '3.15' -> 3.15
2024-10-25 12:10:44 [INFO] [管道02-->赔率转换] 字段 'home_team_odds' 转换成功: '2.9' -> 2.9
2024-10-25 12:10:44 [INFO] [管道02-->赔率转换] 字段 'guest_team_odds' 转换成功: '2.3' -> 2.3
2024-10-25 12:10:44 [INFO] [管道02-->赔率转换] 字段 'draw_odds' 转换成功: '3.15' -> 3.15
2024-10-25 12:10:44 [INFO] [管道02-->赔率转换] 字段 'home_team_odds' 转换成功: '2.95' -> 2.95
2024-10-25 12:10:44 [INFO] [管道02-->赔率转换] 字段 'guest_team_odds' 转换成功: '2.3' -> 2.3
2024-10-25 12:10:44 [INFO] [管道02-->赔率转换] 字段 'draw_odds' 转换成功: '3.15' -> 3.15
2024-10-25 12:10:44 [INFO] [管道02-->赔率转换] 字段 'home_team_odds' 转换成功: '2.95' -> 2.95
2024-10-25 12:10:44 [INFO] [管道02-->赔率转换] 字段 'guest_team_odds' 转换成功: '2.3' -> 2.3
2024-10-25 12:10:44 [INFO] [管道02-->赔率转换] 字段 'draw_odds' 转换成功: '3.15' -> 3.15
2024-10-25 12:10:47 [INFO] [管道02-->赔率转换] 字段 'home_team_odds' 转换成功: '2.9' -> 2.9
2024-10-25 12:10:47 [INFO] [管道02-->赔率转换] 字段 'guest_team_odds' 转换成功: '2.3' -> 2.3
2024-10-25 12:10:47 [INFO] [管道02-->赔率转换] 字段 'draw_odds' 转换成功: '3.15' -> 3.15
2024-10-25 12:10:47 [INFO] [管道02-->赔率转换] 字段 'home_team_odds' 转换成功: '2.9' -> 2.9
2024-10-25 12:10:47 [INFO] [管道02-->赔率转换] 字段 'guest_team_odds' 转换成功: '2.3' -> 2.3
2024-10-25 12:10:47 [INFO] [管道02-->赔率转换] 字段 'draw_odds' 转换成功: '3.15' -> 3.15
2024-10-25 12:10:47 [INFO] [管道02-->赔率转换] 字段 'home_team_odds' 转换成功: '2.95' -> 2.95
2024-10-25 12:10:47 [INFO] [管道02-->赔率转换] 字段 'guest_team_odds' 转换成功: '2.3' -> 2.3
2024-10-25 12:10:47 [INFO] [管道02-->赔率转换] 字段 'draw_odds' 转换成功: '3.15' -> 3.15
2024-10-25 12:10:47 [INFO] [管道02-->赔率转换] 字段 'home_team_odds' 转换成功: '2.95' -> 2.95
2024-10-25 12:10:47 [INFO] [管道02-->赔率转换] 字段 'guest_team_odds' 转换成功: '2.3' -> 2.3
2024-10-25 12:10:47 [INFO] [管道02-->赔率转换] 字段 'draw_odds' 转换成功: '3.15' -> 3.15
2024-10-25 12:10:50 [INFO] [管道02-->赔率转换] 字段 'home_team_odds' 转换成功: '2.95' -> 2.95
2024-10-25 12:10:50 [INFO] [管道02-->赔率转换] 字段 'guest_team_odds' 转换成功: '2.3' -> 2.3
2024-10-25 12:10:50 [INFO] [管道02-->赔率转换] 字段 'draw_odds' 转换成功: '3.15' -> 3.15
2024-10-25 12:10:50 [INFO] [管道02-->赔率转换] 字段 'home_team_odds' 转换成功: '2.95' -> 2.95
2024-10-25 12:10:50 [INFO] [管道02-->赔率转换] 字段 'guest_team_odds' 转换成功: '2.3' -> 2.3
2024-10-25 12:10:50 [INFO] [管道02-->赔率转换] 字段 'draw_odds' 转换成功: '3.15' -> 3.15
2024-10-25 12:10:51 [INFO] [管道02-->赔率转换] 字段 'home_team_odds' 转换成功: '2.9' -> 2.9
2024-10-25 12:10:51 [INFO] [管道02-->赔率转换] 字段 'guest_team_odds' 转换成功: '2.3' -> 2.3
2024-10-25 12:10:51 [INFO] [管道02-->赔率转换] 字段 'draw_odds' 转换成功: '3.15' -> 3.15
2024-10-25 12:10:51 [INFO] [管道02-->赔率转换] 字段 'home_team_odds' 转换成功: '2.9' -> 2.9
2024-10-25 12:10:51 [INFO] [管道02-->赔率转换] 字段 'guest_team_odds' 转换成功: '2.3' -> 2.3
2024-10-25 12:10:51 [INFO] [管道02-->赔率转换] 字段 'draw_odds' 转换成功: '3.15' -> 3.15
2024-10-25 12:10:54 [INFO] [管道02-->赔率转换] 字段 'home_team_odds' 转换成功: '2.95' -> 2.95
2024-10-25 12:10:54 [INFO] [管道02-->赔率转换] 字段 'guest_team_odds' 转换成功: '2.3' -> 2.3
2024-10-25 12:10:54 [INFO] [管道02-->赔率转换] 字段 'draw_odds' 转换成功: '3.15' -> 3.15
2024-10-25 12:10:54 [INFO] [管道02-->赔率转换] 字段 'home_team_odds' 转换成功: '2.95' -> 2.95
2024-10-25 12:10:54 [INFO] [管道02-->赔率转换] 字段 'guest_team_odds' 转换成功: '2.3' -> 2.3
2024-10-25 12:10:54 [INFO] [管道02-->赔率转换] 字段 'draw_odds' 转换成功: '3.15' -> 3.15
2024-10-25 12:10:54 [INFO] [管道02-->赔率转换] 字段 'home_team_odds' 转换成功: '2.9' -> 2.9
2024-10-25 12:10:54 [INFO] [管道02-->赔率转换] 字段 'guest_team_odds' 转换成功: '2.3' -> 2.3
2024-10-25 12:10:54 [INFO] [管道02-->赔率转换] 字段 'draw_odds' 转换成功: '3.15' -> 3.15
2024-10-25 12:10:54 [INFO] [管道02-->赔率转换] 字段 'home_team_odds' 转换成功: '2.9' -> 2.9
2024-10-25 12:10:54 [INFO] [管道02-->赔率转换] 字段 'guest_team_odds' 转换成功: '2.3' -> 2.3
2024-10-25 12:10:54 [INFO] [管道02-->赔率转换] 字段 'draw_odds' 转换成功: '3.15' -> 3.15
2024-10-25 12:10:57 [INFO] [管道02-->赔率转换] 字段 'home_team_odds' 转换成功: '2.95' -> 2.95
2024-10-25 12:10:57 [INFO] [管道02-->赔率转换] 字段 'guest_team_odds' 转换成功: '2.3' -> 2.3
2024-10-25 12:10:57 [INFO] [管道02-->赔率转换] 字段 'draw_odds' 转换成功: '3.15' -> 3.15
2024-10-25 12:10:57 [INFO] [管道02-->赔率转换] 字段 'home_team_odds' 转换成功: '2.95' -> 2.95
2024-10-25 12:10:57 [INFO] [管道02-->赔率转换] 字段 'guest_team_odds' 转换成功: '2.3' -> 2.3
2024-10-25 12:10:57 [INFO] [管道02-->赔率转换] 字段 'draw_odds' 转换成功: '3.15' -> 3.15
2024-10-25 12:10:57 [INFO] [管道02-->赔率转换] 字段 'home_team_odds' 转换成功: '2.9' -> 2.9
2024-10-25 12:10:57 [INFO] [管道02-->赔率转换] 字段 'guest_team_odds' 转换成功: '2.3' -> 2.3
2024-10-25 12:10:57 [INFO] [管道02-->赔率转换] 字段 'draw_odds' 转换成功: '3.15' -> 3.15
2024-10-25 12:10:57 [INFO] [管道02-->赔率转换] 字段 'home_team_odds' 转换成功: '2.9' -> 2.9
2024-10-25 12:10:57 [INFO] [管道02-->赔率转换] 字段 'guest_team_odds' 转换成功: '2.3' -> 2.3
2024-10-25 12:10:57 [INFO] [管道02-->赔率转换] 字段 'draw_odds' 转换成功: '3.15' -> 3.15
2024-10-25 12:11:00 [INFO] [管道02-->赔率转换] 字段 'home_team_odds' 转换成功: '2.95' -> 2.95
2024-10-25 12:11:00 [INFO] [管道02-->赔率转换] 字段 'guest_team_odds' 转换成功: '2.3' -> 2.3
2024-10-25 12:11:00 [INFO] [管道02-->赔率转换] 字段 'draw_odds' 转换成功: '3.15' -> 3.15
2024-10-25 12:11:00 [INFO] [管道02-->赔率转换] 字段 'home_team_odds' 转换成功: '2.95' -> 2.95
2024-10-25 12:11:00 [INFO] [管道02-->赔率转换] 字段 'guest_team_odds' 转换成功: '2.3' -> 2.3
2024-10-25 12:11:00 [INFO] [管道02-->赔率转换] 字段 'draw_odds' 转换成功: '3.15' -> 3.15
2024-10-25 12:11:00 [INFO] [管道02-->赔率转换] 字段 'home_team_odds' 转换成功: '2.9' -> 2.9
2024-10-25 12:11:00 [INFO] [管道02-->赔率转换] 字段 'guest_team_odds' 转换成功: '2.3' -> 2.3
2024-10-25 12:11:00 [INFO] [管道02-->赔率转换] 字段 'draw_odds' 转换成功: '3.15' -> 3.15
2024-10-25 12:11:00 [INFO] [管道02-->赔率转换] 字段 'home_team_odds' 转换成功: '2.9' -> 2.9
2024-10-25 12:11:00 [INFO] [管道02-->赔率转换] 字段 'guest_team_odds' 转换成功: '2.3' -> 2.3
2024-10-25 12:11:00 [INFO] [管道02-->赔率转换] 字段 'draw_odds' 转换成功: '3.15' -> 3.15
2024-10-25 12:11:01 [INFO] [管道02-->赔率转换] 字段 'home_team_odds' 转换成功: '2.95' -> 2.95
2024-10-25 12:11:01 [INFO] [管道02-->赔率转换] 字段 'guest_team_odds' 转换成功: '2.3' -> 2.3
2024-10-25 12:11:01 [INFO] [管道02-->赔率转换] 字段 'draw_odds' 转换成功: '3.15' -> 3.15
2024-10-25 12:11:01 [INFO] [管道02-->赔率转换] 字段 'home_team_odds' 转换成功: '2.95' -> 2.95
2024-10-25 12:11:01 [INFO] [管道02-->赔率转换] 字段 'guest_team_odds' 转换成功: '2.3' -> 2.3
2024-10-25 12:11:01 [INFO] [管道02-->赔率转换] 字段 'draw_odds' 转换成功: '3.15' -> 3.15
2024-10-25 12:11:03 [INFO] [管道02-->赔率转换] 字段 'home_team_odds' 转换成功: '2.95' -> 2.95
2024-10-25 12:11:03 [INFO] [管道02-->赔率转换] 字段 'guest_team_odds' 转换成功: '2.3' -> 2.3
2024-10-25 12:11:03 [INFO] [管道02-->赔率转换] 字段 'draw_odds' 转换成功: '3.15' -> 3.15
2024-10-25 12:11:03 [INFO] [管道02-->赔率转换] 字段 'home_team_odds' 转换成功: '2.95' -> 2.95
2024-10-25 12:11:03 [INFO] [管道02-->赔率转换] 字段 'guest_team_odds' 转换成功: '2.3' -> 2.3
2024-10-25 12:11:03 [INFO] [管道02-->赔率转换] 字段 'draw_odds' 转换成功: '3.15' -> 3.15
2024-10-25 12:11:04 [INFO] [管道02-->赔率转换] 字段 'home_team_odds' 转换成功: '2.95' -> 2.95
2024-10-25 12:11:04 [INFO] [管道02-->赔率转换] 字段 'guest_team_odds' 转换成功: '2.3' -> 2.3
2024-10-25 12:11:04 [INFO] [管道02-->赔率转换] 字段 'draw_odds' 转换成功: '3.15' -> 3.15
2024-10-25 12:11:04 [INFO] [管道02-->赔率转换] 字段 'home_team_odds' 转换成功: '2.95' -> 2.95
2024-10-25 12:11:04 [INFO] [管道02-->赔率转换] 字段 'guest_team_odds' 转换成功: '2.3' -> 2.3
2024-10-25 12:11:04 [INFO] [管道02-->赔率转换] 字段 'draw_odds' 转换成功: '3.15' -> 3.15
2024-10-25 12:11:06 [INFO] [管道02-->赔率转换] 字段 'home_team_odds' 转换成功: '2.95' -> 2.95
2024-10-25 12:11:06 [INFO] [管道02-->赔率转换] 字段 'guest_team_odds' 转换成功: '2.3' -> 2.3
2024-10-25 12:11:06 [INFO] [管道02-->赔率转换] 字段 'draw_odds' 转换成功: '3.15' -> 3.15
2024-10-25 12:11:06 [INFO] [管道02-->赔率转换] 字段 'home_team_odds' 转换成功: '2.95' -> 2.95
2024-10-25 12:11:06 [INFO] [管道02-->赔率转换] 字段 'guest_team_odds' 转换成功: '2.3' -> 2.3
2024-10-25 12:11:06 [INFO] [管道02-->赔率转换] 字段 'draw_odds' 转换成功: '3.15' -> 3.15
2024-10-25 12:11:08 [INFO] [管道02-->赔率转换] 字段 'home_team_odds' 转换成功: '2.95' -> 2.95
2024-10-25 12:11:08 [INFO] [管道02-->赔率转换] 字段 'guest_team_odds' 转换成功: '2.3' -> 2.3
2024-10-25 12:11:08 [INFO] [管道02-->赔率转换] 字段 'draw_odds' 转换成功: '3.15' -> 3.15
2024-10-25 12:11:08 [INFO] [管道02-->赔率转换] 字段 'home_team_odds' 转换成功: '2.95' -> 2.95
2024-10-25 12:11:08 [INFO] [管道02-->赔率转换] 字段 'guest_team_odds' 转换成功: '2.3' -> 2.3
2024-10-25 12:11:08 [INFO] [管道02-->赔率转换] 字段 'draw_odds' 转换成功: '3.15' -> 3.15
2024-10-25 12:11:09 [INFO] [管道02-->赔率转换] 字段 'home_team_odds' 转换成功: '2.95' -> 2.95
2024-10-25 12:11:09 [INFO] [管道02-->赔率转换] 字段 'guest_team_odds' 转换成功: '2.3' -> 2.3
2024-10-25 12:11:09 [INFO] [管道02-->赔率转换] 字段 'draw_odds' 转换成功: '3.15' -> 3.15
2024-10-25 12:11:09 [INFO] [管道02-->赔率转换] 字段 'home_team_odds' 转换成功: '2.95' -> 2.95
2024-10-25 12:11:09 [INFO] [管道02-->赔率转换] 字段 'guest_team_odds' 转换成功: '2.3' -> 2.3
2024-10-25 12:11:09 [INFO] [管道02-->赔率转换] 字段 'draw_odds' 转换成功: '3.15' -> 3.15
2024-10-25 12:11:11 [INFO] [管道02-->赔率转换] 字段 'home_team_odds' 转换成功: '2.95' -> 2.95
2024-10-25 12:11:11 [INFO] [管道02-->赔率转换] 字段 'guest_team_odds' 转换成功: '2.3' -> 2.3
2024-10-25 12:11:11 [INFO] [管道02-->赔率转换] 字段 'draw_odds' 转换成功: '3.15' -> 3.15
2024-10-25 12:11:11 [INFO] [管道02-->赔率转换] 字段 'home_team_odds' 转换成功: '2.95' -> 2.95
2024-10-25 12:11:11 [INFO] [管道02-->赔率转换] 字段 'guest_team_odds' 转换成功: '2.3' -> 2.3
2024-10-25 12:11:11 [INFO] [管道02-->赔率转换] 字段 'draw_odds' 转换成功: '3.15' -> 3.15
2024-10-25 12:11:12 [INFO] [管道02-->赔率转换] 字段 'home_team_odds' 转换成功: '2.95' -> 2.95
2024-10-25 12:11:12 [INFO] [管道02-->赔率转换] 字段 'guest_team_odds' 转换成功: '2.3' -> 2.3
2024-10-25 12:11:12 [INFO] [管道02-->赔率转换] 字段 'draw_odds' 转换成功: '3.15' -> 3.15
2024-10-25 12:11:12 [INFO] [管道02-->赔率转换] 字段 'home_team_odds' 转换成功: '2.95' -> 2.95
2024-10-25 12:11:12 [INFO] [管道02-->赔率转换] 字段 'guest_team_odds' 转换成功: '2.3' -> 2.3
2024-10-25 12:11:12 [INFO] [管道02-->赔率转换] 字段 'draw_odds' 转换成功: '3.15' -> 3.15
2024-10-25 12:11:14 [INFO] [管道02-->赔率转换] 字段 'home_team_odds' 转换成功: '2.95' -> 2.95
2024-10-25 12:11:14 [INFO] [管道02-->赔率转换] 字段 'guest_team_odds' 转换成功: '2.3' -> 2.3
2024-10-25 12:11:14 [INFO] [管道02-->赔率转换] 字段 'draw_odds' 转换成功: '3.15' -> 3.15
2024-10-25 12:11:14 [INFO] [管道02-->赔率转换] 字段 'home_team_odds' 转换成功: '2.95' -> 2.95
2024-10-25 12:11:14 [INFO] [管道02-->赔率转换] 字段 'guest_team_odds' 转换成功: '2.3' -> 2.3
2024-10-25 12:11:14 [INFO] [管道02-->赔率转换] 字段 'draw_odds' 转换成功: '3.15' -> 3.15
2024-10-25 12:11:15 [INFO] [管道02-->赔率转换] 字段 'home_team_odds' 转换成功: '2.95' -> 2.95
2024-10-25 12:11:15 [INFO] [管道02-->赔率转换] 字段 'guest_team_odds' 转换成功: '2.3' -> 2.3
2024-10-25 12:11:15 [INFO] [管道02-->赔率转换] 字段 'draw_odds' 转换成功: '3.15' -> 3.15
2024-10-25 12:11:15 [INFO] [管道02-->赔率转换] 字段 'home_team_odds' 转换成功: '2.95' -> 2.95
2024-10-25 12:11:15 [INFO] [管道02-->赔率转换] 字段 'guest_team_odds' 转换成功: '2.3' -> 2.3
2024-10-25 12:11:15 [INFO] [管道02-->赔率转换] 字段 'draw_odds' 转换成功: '3.15' -> 3.15
2024-10-25 12:11:17 [INFO] [管道02-->赔率转换] 字段 'home_team_odds' 转换成功: '2.95' -> 2.95
2024-10-25 12:11:17 [INFO] [管道02-->赔率转换] 字段 'guest_team_odds' 转换成功: '2.3' -> 2.3
2024-10-25 12:11:17 [INFO] [管道02-->赔率转换] 字段 'draw_odds' 转换成功: '3.15' -> 3.15
2024-10-25 12:11:17 [INFO] [管道02-->赔率转换] 字段 'home_team_odds' 转换成功: '2.95' -> 2.95
2024-10-25 12:11:17 [INFO] [管道02-->赔率转换] 字段 'guest_team_odds' 转换成功: '2.3' -> 2.3
2024-10-25 12:11:17 [INFO] [管道02-->赔率转换] 字段 'draw_odds' 转换成功: '3.15' -> 3.15
2024-10-25 12:11:18 [INFO] [管道02-->赔率转换] 字段 'home_team_odds' 转换成功: '2.95' -> 2.95
2024-10-25 12:11:18 [INFO] [管道02-->赔率转换] 字段 'guest_team_odds' 转换成功: '2.3' -> 2.3
2024-10-25 12:11:18 [INFO] [管道02-->赔率转换] 字段 'draw_odds' 转换成功: '3.15' -> 3.15
2024-10-25 12:11:18 [INFO] [管道02-->赔率转换] 字段 'home_team_odds' 转换成功: '2.95' -> 2.95
2024-10-25 12:11:18 [INFO] [管道02-->赔率转换] 字段 'guest_team_odds' 转换成功: '2.3' -> 2.3
2024-10-25 12:11:18 [INFO] [管道02-->赔率转换] 字段 'draw_odds' 转换成功: '3.15' -> 3.15
2024-10-25 12:11:21 [INFO] [管道02-->赔率转换] 字段 'home_team_odds' 转换成功: '2.95' -> 2.95
2024-10-25 12:11:21 [INFO] [管道02-->赔率转换] 字段 'guest_team_odds' 转换成功: '2.3' -> 2.3
2024-10-25 12:11:21 [INFO] [管道02-->赔率转换] 字段 'draw_odds' 转换成功: '3.15' -> 3.15
2024-10-25 12:11:21 [INFO] [管道02-->赔率转换] 字段 'home_team_odds' 转换成功: '2.95' -> 2.95
2024-10-25 12:11:21 [INFO] [管道02-->赔率转换] 字段 'guest_team_odds' 转换成功: '2.3' -> 2.3
2024-10-25 12:11:21 [INFO] [管道02-->赔率转换] 字段 'draw_odds' 转换成功: '3.15' -> 3.15
2024-10-25 12:11:21 [INFO] [管道02-->赔率转换] 字段 'home_team_odds' 转换成功: '2.95' -> 2.95
2024-10-25 12:11:21 [INFO] [管道02-->赔率转换] 字段 'guest_team_odds' 转换成功: '2.3' -> 2.3
2024-10-25 12:11:21 [INFO] [管道02-->赔率转换] 字段 'draw_odds' 转换成功: '3.15' -> 3.15
2024-10-25 12:11:21 [INFO] [管道02-->赔率转换] 字段 'home_team_odds' 转换成功: '2.95' -> 2.95
2024-10-25 12:11:21 [INFO] [管道02-->赔率转换] 字段 'guest_team_odds' 转换成功: '2.3' -> 2.3
2024-10-25 12:11:21 [INFO] [管道02-->赔率转换] 字段 'draw_odds' 转换成功: '3.15' -> 3.15
2024-10-25 12:11:24 [INFO] [管道02-->赔率转换] 字段 'home_team_odds' 转换成功: '2.95' -> 2.95
2024-10-25 12:11:24 [INFO] [管道02-->赔率转换] 字段 'guest_team_odds' 转换成功: '2.3' -> 2.3
2024-10-25 12:11:24 [INFO] [管道02-->赔率转换] 字段 'draw_odds' 转换成功: '3.15' -> 3.15
2024-10-25 12:11:24 [INFO] [管道02-->赔率转换] 字段 'home_team_odds' 转换成功: '2.95' -> 2.95
2024-10-25 12:11:24 [INFO] [管道02-->赔率转换] 字段 'guest_team_odds' 转换成功: '2.3' -> 2.3
2024-10-25 12:11:24 [INFO] [管道02-->赔率转换] 字段 'draw_odds' 转换成功: '3.15' -> 3.15
2024-10-25 12:11:24 [INFO] [管道02-->赔率转换] 字段 'home_team_odds' 转换成功: '2.95' -> 2.95
2024-10-25 12:11:24 [INFO] [管道02-->赔率转换] 字段 'guest_team_odds' 转换成功: '2.3' -> 2.3
2024-10-25 12:11:24 [INFO] [管道02-->赔率转换] 字段 'draw_odds' 转换成功: '3.15' -> 3.15
2024-10-25 12:11:24 [INFO] [管道02-->赔率转换] 字段 'home_team_odds' 转换成功: '2.95' -> 2.95
2024-10-25 12:11:24 [INFO] [管道02-->赔率转换] 字段 'guest_team_odds' 转换成功: '2.3' -> 2.3
2024-10-25 12:11:24 [INFO] [管道02-->赔率转换] 字段 'draw_odds' 转换成功: '3.15' -> 3.15
2024-10-25 12:11:27 [INFO] [管道02-->赔率转换] 字段 'home_team_odds' 转换成功: '2.95' -> 2.95
2024-10-25 12:11:27 [INFO] [管道02-->赔率转换] 字段 'guest_team_odds' 转换成功: '2.3' -> 2.3
2024-10-25 12:11:27 [INFO] [管道02-->赔率转换] 字段 'draw_odds' 转换成功: '3.15' -> 3.15
2024-10-25 12:11:27 [INFO] [管道02-->赔率转换] 字段 'home_team_odds' 转换成功: '2.95' -> 2.95
2024-10-25 12:11:27 [INFO] [管道02-->赔率转换] 字段 'guest_team_odds' 转换成功: '2.3' -> 2.3
2024-10-25 12:11:27 [INFO] [管道02-->赔率转换] 字段 'draw_odds' 转换成功: '3.15' -> 3.15
2024-10-25 12:11:27 [INFO] [管道02-->赔率转换] 字段 'home_team_odds' 转换成功: '2.95' -> 2.95
2024-10-25 12:11:27 [INFO] [管道02-->赔率转换] 字段 'guest_team_odds' 转换成功: '2.3' -> 2.3
2024-10-25 12:11:27 [INFO] [管道02-->赔率转换] 字段 'draw_odds' 转换成功: '3.15' -> 3.15
2024-10-25 12:11:27 [INFO] [管道02-->赔率转换] 字段 'home_team_odds' 转换成功: '2.95' -> 2.95
2024-10-25 12:11:27 [INFO] [管道02-->赔率转换] 字段 'guest_team_odds' 转换成功: '2.3' -> 2.3
2024-10-25 12:11:27 [INFO] [管道02-->赔率转换] 字段 'draw_odds' 转换成功: '3.15' -> 3.15
2024-10-25 12:11:30 [INFO] [管道02-->赔率转换] 字段 'home_team_odds' 转换成功: '2.95' -> 2.95
2024-10-25 12:11:30 [INFO] [管道02-->赔率转换] 字段 'guest_team_odds' 转换成功: '2.3' -> 2.3
2024-10-25 12:11:30 [INFO] [管道02-->赔率转换] 字段 'draw_odds' 转换成功: '3.15' -> 3.15
2024-10-25 12:11:30 [INFO] [管道02-->赔率转换] 字段 'home_team_odds' 转换成功: '2.95' -> 2.95
2024-10-25 12:11:30 [INFO] [管道02-->赔率转换] 字段 'guest_team_odds' 转换成功: '2.3' -> 2.3
2024-10-25 12:11:30 [INFO] [管道02-->赔率转换] 字段 'draw_odds' 转换成功: '3.15' -> 3.15
2024-10-25 12:11:30 [INFO] [管道02-->赔率转换] 字段 'home_team_odds' 转换成功: '2.95' -> 2.95
2024-10-25 12:11:30 [INFO] [管道02-->赔率转换] 字段 'guest_team_odds' 转换成功: '2.3' -> 2.3
2024-10-25 12:11:30 [INFO] [管道02-->赔率转换] 字段 'draw_odds' 转换成功: '3.15' -> 3.15
2024-10-25 12:11:30 [INFO] [管道02-->赔率转换] 字段 'home_team_odds' 转换成功: '2.95' -> 2.95
2024-10-25 12:11:30 [INFO] [管道02-->赔率转换] 字段 'guest_team_odds' 转换成功: '2.3' -> 2.3
2024-10-25 12:11:30 [INFO] [管道02-->赔率转换] 字段 'draw_odds' 转换成功: '3.15' -> 3.15
2024-10-25 12:11:31 [INFO] [管道02-->赔率转换] 字段 'home_team_odds' 转换成功: '2.95' -> 2.95
2024-10-25 12:11:31 [INFO] [管道02-->赔率转换] 字段 'guest_team_odds' 转换成功: '2.25' -> 2.25
2024-10-25 12:11:31 [INFO] [管道02-->赔率转换] 字段 'draw_odds' 转换成功: '3.1' -> 3.1
2024-10-25 12:11:31 [INFO] [管道02-->赔率转换] 字段 'home_team_odds' 转换成功: '2.95' -> 2.95
2024-10-25 12:11:31 [INFO] [管道02-->赔率转换] 字段 'guest_team_odds' 转换成功: '2.25' -> 2.25
2024-10-25 12:11:31 [INFO] [管道02-->赔率转换] 字段 'draw_odds' 转换成功: '3.1' -> 3.1
2024-10-25 12:11:32 [INFO] [管道02-->赔率转换] 字段 'home_team_odds' 转换成功: '3.0' -> 3.0
2024-10-25 12:11:32 [INFO] [管道02-->赔率转换] 字段 'guest_team_odds' 转换成功: '3.15' -> 3.15
2024-10-25 12:11:32 [INFO] [管道02-->赔率转换] 字段 'draw_odds' 转换成功: '2.95' -> 2.95
2024-10-25 12:11:32 [INFO] [管道02-->赔率转换] 字段 'home_team_odds' 转换成功: '3.0' -> 3.0
2024-10-25 12:11:32 [INFO] [管道02-->赔率转换] 字段 'guest_team_odds' 转换成功: '3.15' -> 3.15
2024-10-25 12:11:32 [INFO] [管道02-->赔率转换] 字段 'draw_odds' 转换成功: '2.95' -> 2.95
2024-10-25 12:11:32 [INFO] [管道02-->赔率转换] 字段 'home_team_odds' 转换成功: '3.0' -> 3.0
2024-10-25 12:11:32 [INFO] [管道02-->赔率转换] 字段 'guest_team_odds' 转换成功: '2.3' -> 2.3
2024-10-25 12:11:32 [INFO] [管道02-->赔率转换] 字段 'draw_odds' 转换成功: '3.15' -> 3.15
2024-10-25 12:11:32 [INFO] [管道02-->赔率转换] 字段 'home_team_odds' 转换成功: '3.0' -> 3.0
2024-10-25 12:11:32 [INFO] [管道02-->赔率转换] 字段 'guest_team_odds' 转换成功: '2.3' -> 2.3
2024-10-25 12:11:32 [INFO] [管道02-->赔率转换] 字段 'draw_odds' 转换成功: '3.15' -> 3.15
2024-10-25 12:11:34 [INFO] [管道02-->赔率转换] 字段 'home_team_odds' 转换成功: '2.95' -> 2.95
2024-10-25 12:11:34 [INFO] [管道02-->赔率转换] 字段 'guest_team_odds' 转换成功: '2.25' -> 2.25
2024-10-25 12:11:34 [INFO] [管道02-->赔率转换] 字段 'draw_odds' 转换成功: '3.1' -> 3.1
2024-10-25 12:11:34 [INFO] [管道02-->赔率转换] 字段 'home_team_odds' 转换成功: '2.95' -> 2.95
2024-10-25 12:11:34 [INFO] [管道02-->赔率转换] 字段 'guest_team_odds' 转换成功: '2.25' -> 2.25
2024-10-25 12:11:34 [INFO] [管道02-->赔率转换] 字段 'draw_odds' 转换成功: '3.1' -> 3.1
2024-10-25 12:11:35 [INFO] [管道02-->赔率转换] 字段 'home_team_odds' 转换成功: '3.0' -> 3.0
2024-10-25 12:11:35 [INFO] [管道02-->赔率转换] 字段 'guest_team_odds' 转换成功: '2.3' -> 2.3
2024-10-25 12:11:35 [INFO] [管道02-->赔率转换] 字段 'draw_odds' 转换成功: '3.15' -> 3.15
2024-10-25 12:11:35 [INFO] [管道02-->赔率转换] 字段 'home_team_odds' 转换成功: '3.0' -> 3.0
2024-10-25 12:11:35 [INFO] [管道02-->赔率转换] 字段 'guest_team_odds' 转换成功: '2.3' -> 2.3
2024-10-25 12:11:35 [INFO] [管道02-->赔率转换] 字段 'draw_odds' 转换成功: '3.15' -> 3.15
2024-10-25 12:11:38 [INFO] [管道02-->赔率转换] 字段 'home_team_odds' 转换成功: '2.95' -> 2.95
2024-10-25 12:11:38 [INFO] [管道02-->赔率转换] 字段 'guest_team_odds' 转换成功: '2.25' -> 2.25
2024-10-25 12:11:38 [INFO] [管道02-->赔率转换] 字段 'draw_odds' 转换成功: '3.1' -> 3.1
2024-10-25 12:11:38 [INFO] [管道02-->赔率转换] 字段 'home_team_odds' 转换成功: '2.95' -> 2.95
2024-10-25 12:11:38 [INFO] [管道02-->赔率转换] 字段 'guest_team_odds' 转换成功: '2.25' -> 2.25
2024-10-25 12:11:38 [INFO] [管道02-->赔率转换] 字段 'draw_odds' 转换成功: '3.1' -> 3.1
2024-10-25 12:11:39 [INFO] [管道02-->赔率转换] 字段 'home_team_odds' 转换成功: '3.0' -> 3.0
2024-10-25 12:11:39 [INFO] [管道02-->赔率转换] 字段 'guest_team_odds' 转换成功: '2.3' -> 2.3
2024-10-25 12:11:39 [INFO] [管道02-->赔率转换] 字段 'draw_odds' 转换成功: '3.15' -> 3.15
2024-10-25 12:11:39 [INFO] [管道02-->赔率转换] 字段 'home_team_odds' 转换成功: '3.0' -> 3.0
2024-10-25 12:11:39 [INFO] [管道02-->赔率转换] 字段 'guest_team_odds' 转换成功: '2.3' -> 2.3
2024-10-25 12:11:39 [INFO] [管道02-->赔率转换] 字段 'draw_odds' 转换成功: '3.15' -> 3.15
2024-10-25 12:11:40 [INFO] [管道02-->赔率转换] 字段 'home_team_odds' 转换成功: '0' -> 0.0
2024-10-25 12:11:40 [INFO] [管道02-->赔率转换] 字段 'guest_team_odds' 转换成功: '0' -> 0.0
2024-10-25 12:11:40 [INFO] [管道02-->赔率转换] 字段 'draw_odds' 转换成功: '0' -> 0.0
2024-10-25 12:11:40 [INFO] [管道02-->赔率转换] 字段 'home_team_odds' 转换成功: '0' -> 0.0
2024-10-25 12:11:40 [INFO] [管道02-->赔率转换] 字段 'guest_team_odds' 转换成功: '0' -> 0.0
2024-10-25 12:11:40 [INFO] [管道02-->赔率转换] 字段 'draw_odds' 转换成功: '0' -> 0.0
2024-10-25 12:11:42 [INFO] [管道02-->赔率转换] 字段 'home_team_odds' 转换成功: '0.0' -> 0.0
2024-10-25 12:11:42 [INFO] [管道02-->赔率转换] 字段 'guest_team_odds' 转换成功: '0.0' -> 0.0
2024-10-25 12:11:42 [INFO] [管道02-->赔率转换] 字段 'draw_odds' 转换成功: '0.0' -> 0.0
2024-10-25 12:11:42 [INFO] [管道02-->赔率转换] 字段 'home_team_odds' 转换成功: '0.0' -> 0.0
2024-10-25 12:11:42 [INFO] [管道02-->赔率转换] 字段 'guest_team_odds' 转换成功: '0.0' -> 0.0
2024-10-25 12:11:42 [INFO] [管道02-->赔率转换] 字段 'draw_odds' 转换成功: '0.0' -> 0.0
2024-10-25 12:11:43 [INFO] [管道02-->赔率转换] 字段 'home_team_odds' 转换成功: '0' -> 0.0
2024-10-25 12:11:43 [INFO] [管道02-->赔率转换] 字段 'guest_team_odds' 转换成功: '0' -> 0.0
2024-10-25 12:11:43 [INFO] [管道02-->赔率转换] 字段 'draw_odds' 转换成功: '0' -> 0.0
2024-10-25 12:11:43 [INFO] [管道02-->赔率转换] 字段 'home_team_odds' 转换成功: '0' -> 0.0
2024-10-25 12:11:43 [INFO] [管道02-->赔率转换] 字段 'guest_team_odds' 转换成功: '0' -> 0.0
2024-10-25 12:11:43 [INFO] [管道02-->赔率转换] 字段 'draw_odds' 转换成功: '0' -> 0.0
2024-10-25 12:11:45 [INFO] [管道02-->赔率转换] 字段 'home_team_odds' 转换成功: '0.0' -> 0.0
2024-10-25 12:11:45 [INFO] [管道02-->赔率转换] 字段 'guest_team_odds' 转换成功: '0.0' -> 0.0
2024-10-25 12:11:45 [INFO] [管道02-->赔率转换] 字段 'draw_odds' 转换成功: '0.0' -> 0.0
2024-10-25 12:11:45 [INFO] [管道02-->赔率转换] 字段 'home_team_odds' 转换成功: '0.0' -> 0.0
2024-10-25 12:11:45 [INFO] [管道02-->赔率转换] 字段 'guest_team_odds' 转换成功: '0.0' -> 0.0
2024-10-25 12:11:45 [INFO] [管道02-->赔率转换] 字段 'draw_odds' 转换成功: '0.0' -> 0.0
2024-10-25 12:11:46 [INFO] [管道02-->赔率转换] 字段 'home_team_odds' 转换成功: '0' -> 0.0
2024-10-25 12:11:46 [INFO] [管道02-->赔率转换] 字段 'guest_team_odds' 转换成功: '0' -> 0.0
2024-10-25 12:11:46 [INFO] [管道02-->赔率转换] 字段 'draw_odds' 转换成功: '0' -> 0.0
2024-10-25 12:11:46 [INFO] [管道02-->赔率转换] 字段 'home_team_odds' 转换成功: '0' -> 0.0
2024-10-25 12:11:46 [INFO] [管道02-->赔率转换] 字段 'guest_team_odds' 转换成功: '0' -> 0.0
2024-10-25 12:11:46 [INFO] [管道02-->赔率转换] 字段 'draw_odds' 转换成功: '0' -> 0.0
2024-10-25 12:11:48 [INFO] [管道02-->赔率转换] 字段 'home_team_odds' 转换成功: '0.0' -> 0.0
2024-10-25 12:11:48 [INFO] [管道02-->赔率转换] 字段 'guest_team_odds' 转换成功: '0.0' -> 0.0
2024-10-25 12:11:48 [INFO] [管道02-->赔率转换] 字段 'draw_odds' 转换成功: '0.0' -> 0.0
2024-10-25 12:11:48 [INFO] [管道02-->赔率转换] 字段 'home_team_odds' 转换成功: '0.0' -> 0.0
2024-10-25 12:11:48 [INFO] [管道02-->赔率转换] 字段 'guest_team_odds' 转换成功: '0.0' -> 0.0
2024-10-25 12:11:48 [INFO] [管道02-->赔率转换] 字段 'draw_odds' 转换成功: '0.0' -> 0.0
2024-10-25 12:11:50 [INFO] [管道02-->赔率转换] 字段 'home_team_odds' 转换成功: '0' -> 0.0
2024-10-25 12:11:50 [INFO] [管道02-->赔率转换] 字段 'guest_team_odds' 转换成功: '0' -> 0.0
2024-10-25 12:11:50 [INFO] [管道02-->赔率转换] 字段 'draw_odds' 转换成功: '0' -> 0.0
2024-10-25 12:11:50 [INFO] [管道02-->赔率转换] 字段 'home_team_odds' 转换成功: '0' -> 0.0
2024-10-25 12:11:50 [INFO] [管道02-->赔率转换] 字段 'guest_team_odds' 转换成功: '0' -> 0.0
2024-10-25 12:11:50 [INFO] [管道02-->赔率转换] 字段 'draw_odds' 转换成功: '0' -> 0.0
2024-10-25 12:11:51 [INFO] [管道02-->赔率转换] 字段 'home_team_odds' 转换成功: '0.0' -> 0.0
2024-10-25 12:11:51 [INFO] [管道02-->赔率转换] 字段 'guest_team_odds' 转换成功: '0.0' -> 0.0
2024-10-25 12:11:51 [INFO] [管道02-->赔率转换] 字段 'draw_odds' 转换成功: '0.0' -> 0.0
2024-10-25 12:11:51 [INFO] [管道02-->赔率转换] 字段 'home_team_odds' 转换成功: '0.0' -> 0.0
2024-10-25 12:11:51 [INFO] [管道02-->赔率转换] 字段 'guest_team_odds' 转换成功: '0.0' -> 0.0
2024-10-25 12:11:51 [INFO] [管道02-->赔率转换] 字段 'draw_odds' 转换成功: '0.0' -> 0.0
2024-10-25 12:11:53 [INFO] [管道02-->赔率转换] 字段 'home_team_odds' 转换成功: '0' -> 0.0
2024-10-25 12:11:53 [INFO] [管道02-->赔率转换] 字段 'guest_team_odds' 转换成功: '0' -> 0.0
2024-10-25 12:11:53 [INFO] [管道02-->赔率转换] 字段 'draw_odds' 转换成功: '0' -> 0.0
2024-10-25 12:11:53 [INFO] [管道02-->赔率转换] 字段 'home_team_odds' 转换成功: '0' -> 0.0
2024-10-25 12:11:53 [INFO] [管道02-->赔率转换] 字段 'guest_team_odds' 转换成功: '0' -> 0.0
2024-10-25 12:11:53 [INFO] [管道02-->赔率转换] 字段 'draw_odds' 转换成功: '0' -> 0.0
2024-10-25 12:11:54 [INFO] [管道02-->赔率转换] 字段 'home_team_odds' 转换成功: '0.0' -> 0.0
2024-10-25 12:11:54 [INFO] [管道02-->赔率转换] 字段 'guest_team_odds' 转换成功: '0.0' -> 0.0
2024-10-25 12:11:54 [INFO] [管道02-->赔率转换] 字段 'draw_odds' 转换成功: '0.0' -> 0.0
2024-10-25 12:11:54 [INFO] [管道02-->赔率转换] 字段 'home_team_odds' 转换成功: '0.0' -> 0.0
2024-10-25 12:11:54 [INFO] [管道02-->赔率转换] 字段 'guest_team_odds' 转换成功: '0.0' -> 0.0
2024-10-25 12:11:54 [INFO] [管道02-->赔率转换] 字段 'draw_odds' 转换成功: '0.0' -> 0.0
2024-10-25 12:11:56 [INFO] [管道02-->赔率转换] 字段 'home_team_odds' 转换成功: '0' -> 0.0
2024-10-25 12:11:56 [INFO] [管道02-->赔率转换] 字段 'guest_team_odds' 转换成功: '0' -> 0.0
2024-10-25 12:11:56 [INFO] [管道02-->赔率转换] 字段 'draw_odds' 转换成功: '0' -> 0.0
2024-10-25 12:11:56 [INFO] [管道02-->赔率转换] 字段 'home_team_odds' 转换成功: '0' -> 0.0
2024-10-25 12:11:56 [INFO] [管道02-->赔率转换] 字段 'guest_team_odds' 转换成功: '0' -> 0.0
2024-10-25 12:11:56 [INFO] [管道02-->赔率转换] 字段 'draw_odds' 转换成功: '0' -> 0.0
2024-10-25 12:11:57 [INFO] [管道02-->赔率转换] 字段 'home_team_odds' 转换成功: '0.0' -> 0.0
2024-10-25 12:11:57 [INFO] [管道02-->赔率转换] 字段 'guest_team_odds' 转换成功: '0.0' -> 0.0
2024-10-25 12:11:57 [INFO] [管道02-->赔率转换] 字段 'draw_odds' 转换成功: '0.0' -> 0.0
2024-10-25 12:11:57 [INFO] [管道02-->赔率转换] 字段 'home_team_odds' 转换成功: '0.0' -> 0.0
2024-10-25 12:11:57 [INFO] [管道02-->赔率转换] 字段 'guest_team_odds' 转换成功: '0.0' -> 0.0
2024-10-25 12:11:57 [INFO] [管道02-->赔率转换] 字段 'draw_odds' 转换成功: '0.0' -> 0.0
2024-10-25 12:12:00 [INFO] [管道02-->赔率转换] 字段 'home_team_odds' 转换成功: '0' -> 0.0
2024-10-25 12:12:00 [INFO] [管道02-->赔率转换] 字段 'guest_team_odds' 转换成功: '0' -> 0.0
2024-10-25 12:12:00 [INFO] [管道02-->赔率转换] 字段 'draw_odds' 转换成功: '0' -> 0.0
2024-10-25 12:12:00 [INFO] [管道02-->赔率转换] 字段 'home_team_odds' 转换成功: '0' -> 0.0
2024-10-25 12:12:00 [INFO] [管道02-->赔率转换] 字段 'guest_team_odds' 转换成功: '0' -> 0.0
2024-10-25 12:12:00 [INFO] [管道02-->赔率转换] 字段 'draw_odds' 转换成功: '0' -> 0.0
2024-10-25 12:12:00 [INFO] [管道02-->赔率转换] 字段 'home_team_odds' 转换成功: '0.0' -> 0.0
2024-10-25 12:12:00 [INFO] [管道02-->赔率转换] 字段 'guest_team_odds' 转换成功: '0.0' -> 0.0
2024-10-25 12:12:00 [INFO] [管道02-->赔率转换] 字段 'draw_odds' 转换成功: '0.0' -> 0.0
2024-10-25 12:12:00 [INFO] [管道02-->赔率转换] 字段 'home_team_odds' 转换成功: '0.0' -> 0.0
2024-10-25 12:12:00 [INFO] [管道02-->赔率转换] 字段 'guest_team_odds' 转换成功: '0.0' -> 0.0
2024-10-25 12:12:00 [INFO] [管道02-->赔率转换] 字段 'draw_odds' 转换成功: '0.0' -> 0.0
2024-10-25 12:12:03 [INFO] [管道02-->赔率转换] 字段 'home_team_odds' 转换成功: '0.0' -> 0.0
2024-10-25 12:12:03 [INFO] [管道02-->赔率转换] 字段 'guest_team_odds' 转换成功: '0.0' -> 0.0
2024-10-25 12:12:03 [INFO] [管道02-->赔率转换] 字段 'draw_odds' 转换成功: '0.0' -> 0.0
2024-10-25 12:12:03 [INFO] [管道02-->赔率转换] 字段 'home_team_odds' 转换成功: '0.0' -> 0.0
2024-10-25 12:12:03 [INFO] [管道02-->赔率转换] 字段 'guest_team_odds' 转换成功: '0.0' -> 0.0
2024-10-25 12:12:03 [INFO] [管道02-->赔率转换] 字段 'draw_odds' 转换成功: '0.0' -> 0.0
2024-10-25 12:12:03 [INFO] [管道02-->赔率转换] 字段 'home_team_odds' 转换成功: '0' -> 0.0
2024-10-25 12:12:03 [INFO] [管道02-->赔率转换] 字段 'guest_team_odds' 转换成功: '0' -> 0.0
2024-10-25 12:12:03 [INFO] [管道02-->赔率转换] 字段 'draw_odds' 转换成功: '0' -> 0.0
2024-10-25 12:12:03 [INFO] [管道02-->赔率转换] 字段 'home_team_odds' 转换成功: '0' -> 0.0
2024-10-25 12:12:03 [INFO] [管道02-->赔率转换] 字段 'guest_team_odds' 转换成功: '0' -> 0.0
2024-10-25 12:12:03 [INFO] [管道02-->赔率转换] 字段 'draw_odds' 转换成功: '0' -> 0.0
2024-10-25 12:12:06 [INFO] [管道02-->赔率转换] 字段 'home_team_odds' 转换成功: '0.0' -> 0.0
2024-10-25 12:12:06 [INFO] [管道02-->赔率转换] 字段 'guest_team_odds' 转换成功: '0.0' -> 0.0
2024-10-25 12:12:06 [INFO] [管道02-->赔率转换] 字段 'draw_odds' 转换成功: '0.0' -> 0.0
2024-10-25 12:12:06 [INFO] [管道02-->赔率转换] 字段 'home_team_odds' 转换成功: '0.0' -> 0.0
2024-10-25 12:12:06 [INFO] [管道02-->赔率转换] 字段 'guest_team_odds' 转换成功: '0.0' -> 0.0
2024-10-25 12:12:06 [INFO] [管道02-->赔率转换] 字段 'draw_odds' 转换成功: '0.0' -> 0.0
2024-10-25 12:12:06 [INFO] [管道02-->赔率转换] 字段 'home_team_odds' 转换成功: '0' -> 0.0
2024-10-25 12:12:06 [INFO] [管道02-->赔率转换] 字段 'guest_team_odds' 转换成功: '0' -> 0.0
2024-10-25 12:12:06 [INFO] [管道02-->赔率转换] 字段 'draw_odds' 转换成功: '0' -> 0.0
2024-10-25 12:12:06 [INFO] [管道02-->赔率转换] 字段 'home_team_odds' 转换成功: '0' -> 0.0
2024-10-25 12:12:06 [INFO] [管道02-->赔率转换] 字段 'guest_team_odds' 转换成功: '0' -> 0.0
2024-10-25 12:12:06 [INFO] [管道02-->赔率转换] 字段 'draw_odds' 转换成功: '0' -> 0.0
2024-10-25 12:12:09 [INFO] [管道02-->赔率转换] 字段 'home_team_odds' 转换成功: '0.0' -> 0.0
2024-10-25 12:12:09 [INFO] [管道02-->赔率转换] 字段 'guest_team_odds' 转换成功: '0.0' -> 0.0
2024-10-25 12:12:09 [INFO] [管道02-->赔率转换] 字段 'draw_odds' 转换成功: '0.0' -> 0.0
2024-10-25 12:12:09 [INFO] [管道02-->赔率转换] 字段 'home_team_odds' 转换成功: '0.0' -> 0.0
2024-10-25 12:12:09 [INFO] [管道02-->赔率转换] 字段 'guest_team_odds' 转换成功: '0.0' -> 0.0
2024-10-25 12:12:09 [INFO] [管道02-->赔率转换] 字段 'draw_odds' 转换成功: '0.0' -> 0.0
2024-10-25 12:12:09 [INFO] [管道02-->赔率转换] 字段 'home_team_odds' 转换成功: '0' -> 0.0
2024-10-25 12:12:09 [INFO] [管道02-->赔率转换] 字段 'guest_team_odds' 转换成功: '0' -> 0.0
2024-10-25 12:12:09 [INFO] [管道02-->赔率转换] 字段 'draw_odds' 转换成功: '0' -> 0.0
2024-10-25 12:12:09 [INFO] [管道02-->赔率转换] 字段 'home_team_odds' 转换成功: '0' -> 0.0
2024-10-25 12:12:09 [INFO] [管道02-->赔率转换] 字段 'guest_team_odds' 转换成功: '0' -> 0.0
2024-10-25 12:12:09 [INFO] [管道02-->赔率转换] 字段 'draw_odds' 转换成功: '0' -> 0.0
2024-10-25 12:12:12 [INFO] [管道02-->赔率转换] 字段 'home_team_odds' 转换成功: '0.0' -> 0.0
2024-10-25 12:12:12 [INFO] [管道02-->赔率转换] 字段 'guest_team_odds' 转换成功: '0.0' -> 0.0
2024-10-25 12:12:12 [INFO] [管道02-->赔率转换] 字段 'draw_odds' 转换成功: '0.0' -> 0.0
2024-10-25 12:12:12 [INFO] [管道02-->赔率转换] 字段 'home_team_odds' 转换成功: '0.0' -> 0.0
2024-10-25 12:12:12 [INFO] [管道02-->赔率转换] 字段 'guest_team_odds' 转换成功: '0.0' -> 0.0
2024-10-25 12:12:12 [INFO] [管道02-->赔率转换] 字段 'draw_odds' 转换成功: '0.0' -> 0.0
2024-10-25 12:12:13 [INFO] [管道02-->赔率转换] 字段 'home_team_odds' 转换成功: '0' -> 0.0
2024-10-25 12:12:13 [INFO] [管道02-->赔率转换] 字段 'guest_team_odds' 转换成功: '0' -> 0.0
2024-10-25 12:12:13 [INFO] [管道02-->赔率转换] 字段 'draw_odds' 转换成功: '0' -> 0.0
2024-10-25 12:12:13 [INFO] [管道02-->赔率转换] 字段 'home_team_odds' 转换成功: '0' -> 0.0
2024-10-25 12:12:13 [INFO] [管道02-->赔率转换] 字段 'guest_team_odds' 转换成功: '0' -> 0.0
2024-10-25 12:12:13 [INFO] [管道02-->赔率转换] 字段 'draw_odds' 转换成功: '0' -> 0.0
2024-10-25 12:12:15 [INFO] [管道02-->赔率转换] 字段 'home_team_odds' 转换成功: '0.0' -> 0.0
2024-10-25 12:12:15 [INFO] [管道02-->赔率转换] 字段 'guest_team_odds' 转换成功: '0.0' -> 0.0
2024-10-25 12:12:15 [INFO] [管道02-->赔率转换] 字段 'draw_odds' 转换成功: '0.0' -> 0.0
2024-10-25 12:12:15 [INFO] [管道02-->赔率转换] 字段 'home_team_odds' 转换成功: '0.0' -> 0.0
2024-10-25 12:12:15 [INFO] [管道02-->赔率转换] 字段 'guest_team_odds' 转换成功: '0.0' -> 0.0
2024-10-25 12:12:15 [INFO] [管道02-->赔率转换] 字段 'draw_odds' 转换成功: '0.0' -> 0.0
2024-10-25 12:12:16 [INFO] [管道02-->赔率转换] 字段 'home_team_odds' 转换成功: '0' -> 0.0
2024-10-25 12:12:16 [INFO] [管道02-->赔率转换] 字段 'guest_team_odds' 转换成功: '0' -> 0.0
2024-10-25 12:12:16 [INFO] [管道02-->赔率转换] 字段 'draw_odds' 转换成功: '0' -> 0.0
2024-10-25 12:12:16 [INFO] [管道02-->赔率转换] 字段 'home_team_odds' 转换成功: '0' -> 0.0
2024-10-25 12:12:16 [INFO] [管道02-->赔率转换] 字段 'guest_team_odds' 转换成功: '0' -> 0.0
2024-10-25 12:12:16 [INFO] [管道02-->赔率转换] 字段 'draw_odds' 转换成功: '0' -> 0.0
2024-10-25 12:12:18 [INFO] [管道02-->赔率转换] 字段 'home_team_odds' 转换成功: '0.0' -> 0.0
2024-10-25 12:12:18 [INFO] [管道02-->赔率转换] 字段 'guest_team_odds' 转换成功: '0.0' -> 0.0
2024-10-25 12:12:18 [INFO] [管道02-->赔率转换] 字段 'draw_odds' 转换成功: '0.0' -> 0.0
2024-10-25 12:12:18 [INFO] [管道02-->赔率转换] 字段 'home_team_odds' 转换成功: '0.0' -> 0.0
2024-10-25 12:12:18 [INFO] [管道02-->赔率转换] 字段 'guest_team_odds' 转换成功: '0.0' -> 0.0
2024-10-25 12:12:18 [INFO] [管道02-->赔率转换] 字段 'draw_odds' 转换成功: '0.0' -> 0.0
2024-10-25 12:12:19 [INFO] [管道02-->赔率转换] 字段 'home_team_odds' 转换成功: '0' -> 0.0
2024-10-25 12:12:19 [INFO] [管道02-->赔率转换] 字段 'guest_team_odds' 转换成功: '0' -> 0.0
2024-10-25 12:12:19 [INFO] [管道02-->赔率转换] 字段 'draw_odds' 转换成功: '0' -> 0.0
2024-10-25 12:12:19 [INFO] [管道02-->赔率转换] 字段 'home_team_odds' 转换成功: '0' -> 0.0
2024-10-25 12:12:19 [INFO] [管道02-->赔率转换] 字段 'guest_team_odds' 转换成功: '0' -> 0.0
2024-10-25 12:12:19 [INFO] [管道02-->赔率转换] 字段 'draw_odds' 转换成功: '0' -> 0.0
2024-10-25 12:12:21 [INFO] [管道02-->赔率转换] 字段 'home_team_odds' 转换成功: '0.0' -> 0.0
2024-10-25 12:12:21 [INFO] [管道02-->赔率转换] 字段 'guest_team_odds' 转换成功: '0.0' -> 0.0
2024-10-25 12:12:21 [INFO] [管道02-->赔率转换] 字段 'draw_odds' 转换成功: '0.0' -> 0.0
2024-10-25 12:12:21 [INFO] [管道02-->赔率转换] 字段 'home_team_odds' 转换成功: '0.0' -> 0.0
2024-10-25 12:12:21 [INFO] [管道02-->赔率转换] 字段 'guest_team_odds' 转换成功: '0.0' -> 0.0
2024-10-25 12:12:21 [INFO] [管道02-->赔率转换] 字段 'draw_odds' 转换成功: '0.0' -> 0.0
2024-10-25 12:12:22 [INFO] [管道02-->赔率转换] 字段 'home_team_odds' 转换成功: '0' -> 0.0
2024-10-25 12:12:22 [INFO] [管道02-->赔率转换] 字段 'guest_team_odds' 转换成功: '0' -> 0.0
2024-10-25 12:12:22 [INFO] [管道02-->赔率转换] 字段 'draw_odds' 转换成功: '0' -> 0.0
2024-10-25 12:12:22 [INFO] [管道02-->赔率转换] 字段 'home_team_odds' 转换成功: '0' -> 0.0
2024-10-25 12:12:22 [INFO] [管道02-->赔率转换] 字段 'guest_team_odds' 转换成功: '0' -> 0.0
2024-10-25 12:12:22 [INFO] [管道02-->赔率转换] 字段 'draw_odds' 转换成功: '0' -> 0.0
2024-10-25 12:12:24 [INFO] [管道02-->赔率转换] 字段 'home_team_odds' 转换成功: '0.0' -> 0.0
2024-10-25 12:12:24 [INFO] [管道02-->赔率转换] 字段 'guest_team_odds' 转换成功: '0.0' -> 0.0
2024-10-25 12:12:24 [INFO] [管道02-->赔率转换] 字段 'draw_odds' 转换成功: '0.0' -> 0.0
2024-10-25 12:12:24 [INFO] [管道02-->赔率转换] 字段 'home_team_odds' 转换成功: '0.0' -> 0.0
2024-10-25 12:12:24 [INFO] [管道02-->赔率转换] 字段 'guest_team_odds' 转换成功: '0.0' -> 0.0
2024-10-25 12:12:24 [INFO] [管道02-->赔率转换] 字段 'draw_odds' 转换成功: '0.0' -> 0.0
2024-10-25 12:12:26 [INFO] [管道02-->赔率转换] 字段 'home_team_odds' 转换成功: '0' -> 0.0
2024-10-25 12:12:26 [INFO] [管道02-->赔率转换] 字段 'guest_team_odds' 转换成功: '0' -> 0.0
2024-10-25 12:12:26 [INFO] [管道02-->赔率转换] 字段 'draw_odds' 转换成功: '0' -> 0.0
2024-10-25 12:12:26 [INFO] [管道02-->赔率转换] 字段 'home_team_odds' 转换成功: '0' -> 0.0
2024-10-25 12:12:26 [INFO] [管道02-->赔率转换] 字段 'guest_team_odds' 转换成功: '0' -> 0.0
2024-10-25 12:12:26 [INFO] [管道02-->赔率转换] 字段 'draw_odds' 转换成功: '0' -> 0.0
2024-10-25 12:12:27 [INFO] [管道02-->赔率转换] 字段 'home_team_odds' 转换成功: '0.0' -> 0.0
2024-10-25 12:12:27 [INFO] [管道02-->赔率转换] 字段 'guest_team_odds' 转换成功: '0.0' -> 0.0
2024-10-25 12:12:27 [INFO] [管道02-->赔率转换] 字段 'draw_odds' 转换成功: '0.0' -> 0.0
2024-10-25 12:12:27 [INFO] [管道02-->赔率转换] 字段 'home_team_odds' 转换成功: '0.0' -> 0.0
2024-10-25 12:12:27 [INFO] [管道02-->赔率转换] 字段 'guest_team_odds' 转换成功: '0.0' -> 0.0
2024-10-25 12:12:27 [INFO] [管道02-->赔率转换] 字段 'draw_odds' 转换成功: '0.0' -> 0.0
2024-10-25 12:12:29 [INFO] [管道02-->赔率转换] 字段 'home_team_odds' 转换成功: '0' -> 0.0
2024-10-25 12:12:29 [INFO] [管道02-->赔率转换] 字段 'guest_team_odds' 转换成功: '0' -> 0.0
2024-10-25 12:12:29 [INFO] [管道02-->赔率转换] 字段 'draw_odds' 转换成功: '0' -> 0.0
2024-10-25 12:12:29 [INFO] [管道02-->赔率转换] 字段 'home_team_odds' 转换成功: '0' -> 0.0
2024-10-25 12:12:29 [INFO] [管道02-->赔率转换] 字段 'guest_team_odds' 转换成功: '0' -> 0.0
2024-10-25 12:12:29 [INFO] [管道02-->赔率转换] 字段 'draw_odds' 转换成功: '0' -> 0.0
2024-10-25 12:12:30 [INFO] [管道02-->赔率转换] 字段 'home_team_odds' 转换成功: '0.0' -> 0.0
2024-10-25 12:12:30 [INFO] [管道02-->赔率转换] 字段 'guest_team_odds' 转换成功: '0.0' -> 0.0
2024-10-25 12:12:30 [INFO] [管道02-->赔率转换] 字段 'draw_odds' 转换成功: '0.0' -> 0.0
2024-10-25 12:12:30 [INFO] [管道02-->赔率转换] 字段 'home_team_odds' 转换成功: '0.0' -> 0.0
2024-10-25 12:12:30 [INFO] [管道02-->赔率转换] 字段 'guest_team_odds' 转换成功: '0.0' -> 0.0
2024-10-25 12:12:30 [INFO] [管道02-->赔率转换] 字段 'draw_odds' 转换成功: '0.0' -> 0.0
2024-10-25 12:12:32 [INFO] [管道02-->赔率转换] 字段 'home_team_odds' 转换成功: '0' -> 0.0
2024-10-25 12:12:32 [INFO] [管道02-->赔率转换] 字段 'guest_team_odds' 转换成功: '0' -> 0.0
2024-10-25 12:12:32 [INFO] [管道02-->赔率转换] 字段 'draw_odds' 转换成功: '0' -> 0.0
2024-10-25 12:12:32 [INFO] [管道02-->赔率转换] 字段 'home_team_odds' 转换成功: '0' -> 0.0
2024-10-25 12:12:32 [INFO] [管道02-->赔率转换] 字段 'guest_team_odds' 转换成功: '0' -> 0.0
2024-10-25 12:12:32 [INFO] [管道02-->赔率转换] 字段 'draw_odds' 转换成功: '0' -> 0.0
2024-10-25 12:12:33 [INFO] [管道02-->赔率转换] 字段 'home_team_odds' 转换成功: '0.0' -> 0.0
2024-10-25 12:12:33 [INFO] [管道02-->赔率转换] 字段 'guest_team_odds' 转换成功: '0.0' -> 0.0
2024-10-25 12:12:33 [INFO] [管道02-->赔率转换] 字段 'draw_odds' 转换成功: '0.0' -> 0.0
2024-10-25 12:12:33 [INFO] [管道02-->赔率转换] 字段 'home_team_odds' 转换成功: '0.0' -> 0.0
2024-10-25 12:12:33 [INFO] [管道02-->赔率转换] 字段 'guest_team_odds' 转换成功: '0.0' -> 0.0
2024-10-25 12:12:33 [INFO] [管道02-->赔率转换] 字段 'draw_odds' 转换成功: '0.0' -> 0.0
2024-10-25 12:12:36 [INFO] [管道02-->赔率转换] 字段 'home_team_odds' 转换成功: '0' -> 0.0
2024-10-25 12:12:36 [INFO] [管道02-->赔率转换] 字段 'guest_team_odds' 转换成功: '0' -> 0.0
2024-10-25 12:12:36 [INFO] [管道02-->赔率转换] 字段 'draw_odds' 转换成功: '0' -> 0.0
2024-10-25 12:12:36 [INFO] [管道02-->赔率转换] 字段 'home_team_odds' 转换成功: '0' -> 0.0
2024-10-25 12:12:36 [INFO] [管道02-->赔率转换] 字段 'guest_team_odds' 转换成功: '0' -> 0.0
2024-10-25 12:12:36 [INFO] [管道02-->赔率转换] 字段 'draw_odds' 转换成功: '0' -> 0.0
2024-10-25 12:12:36 [INFO] [管道02-->赔率转换] 字段 'home_team_odds' 转换成功: '0.0' -> 0.0
2024-10-25 12:12:36 [INFO] [管道02-->赔率转换] 字段 'guest_team_odds' 转换成功: '0.0' -> 0.0
2024-10-25 12:12:36 [INFO] [管道02-->赔率转换] 字段 'draw_odds' 转换成功: '0.0' -> 0.0
2024-10-25 12:12:36 [INFO] [管道02-->赔率转换] 字段 'home_team_odds' 转换成功: '0.0' -> 0.0
2024-10-25 12:12:36 [INFO] [管道02-->赔率转换] 字段 'guest_team_odds' 转换成功: '0.0' -> 0.0
2024-10-25 12:12:36 [INFO] [管道02-->赔率转换] 字段 'draw_odds' 转换成功: '0.0' -> 0.0
2024-10-25 12:12:39 [INFO] [管道02-->赔率转换] 字段 'home_team_odds' 转换成功: '0' -> 0.0
2024-10-25 12:12:39 [INFO] [管道02-->赔率转换] 字段 'guest_team_odds' 转换成功: '0' -> 0.0
2024-10-25 12:12:39 [INFO] [管道02-->赔率转换] 字段 'draw_odds' 转换成功: '0' -> 0.0
2024-10-25 12:12:39 [INFO] [管道02-->赔率转换] 字段 'home_team_odds' 转换成功: '0' -> 0.0
2024-10-25 12:12:39 [INFO] [管道02-->赔率转换] 字段 'guest_team_odds' 转换成功: '0' -> 0.0
2024-10-25 12:12:39 [INFO] [管道02-->赔率转换] 字段 'draw_odds' 转换成功: '0' -> 0.0
2024-10-25 12:12:39 [INFO] [管道02-->赔率转换] 字段 'home_team_odds' 转换成功: '0.0' -> 0.0
2024-10-25 12:12:39 [INFO] [管道02-->赔率转换] 字段 'guest_team_odds' 转换成功: '0.0' -> 0.0
2024-10-25 12:12:39 [INFO] [管道02-->赔率转换] 字段 'draw_odds' 转换成功: '0.0' -> 0.0
2024-10-25 12:12:39 [INFO] [管道02-->赔率转换] 字段 'home_team_odds' 转换成功: '0.0' -> 0.0
2024-10-25 12:12:39 [INFO] [管道02-->赔率转换] 字段 'guest_team_odds' 转换成功: '0.0' -> 0.0
2024-10-25 12:12:39 [INFO] [管道02-->赔率转换] 字段 'draw_odds' 转换成功: '0.0' -> 0.0
2024-10-25 12:12:42 [INFO] [管道02-->赔率转换] 字段 'home_team_odds' 转换成功: '0' -> 0.0
2024-10-25 12:12:42 [INFO] [管道02-->赔率转换] 字段 'guest_team_odds' 转换成功: '0' -> 0.0
2024-10-25 12:12:42 [INFO] [管道02-->赔率转换] 字段 'draw_odds' 转换成功: '0' -> 0.0
2024-10-25 12:12:42 [INFO] [管道02-->赔率转换] 字段 'home_team_odds' 转换成功: '0' -> 0.0
2024-10-25 12:12:42 [INFO] [管道02-->赔率转换] 字段 'guest_team_odds' 转换成功: '0' -> 0.0
2024-10-25 12:12:42 [INFO] [管道02-->赔率转换] 字段 'draw_odds' 转换成功: '0' -> 0.0
2024-10-25 12:12:42 [INFO] [管道02-->赔率转换] 字段 'home_team_odds' 转换成功: '0.0' -> 0.0
2024-10-25 12:12:42 [INFO] [管道02-->赔率转换] 字段 'guest_team_odds' 转换成功: '0.0' -> 0.0
2024-10-25 12:12:42 [INFO] [管道02-->赔率转换] 字段 'draw_odds' 转换成功: '0.0' -> 0.0
2024-10-25 12:12:42 [INFO] [管道02-->赔率转换] 字段 'home_team_odds' 转换成功: '0.0' -> 0.0
2024-10-25 12:12:42 [INFO] [管道02-->赔率转换] 字段 'guest_team_odds' 转换成功: '0.0' -> 0.0
2024-10-25 12:12:42 [INFO] [管道02-->赔率转换] 字段 'draw_odds' 转换成功: '0.0' -> 0.0
2024-10-25 12:12:45 [INFO] [管道02-->赔率转换] 字段 'home_team_odds' 转换成功: '0.0' -> 0.0
2024-10-25 12:12:45 [INFO] [管道02-->赔率转换] 字段 'guest_team_odds' 转换成功: '0.0' -> 0.0
2024-10-25 12:12:45 [INFO] [管道02-->赔率转换] 字段 'draw_odds' 转换成功: '0.0' -> 0.0
2024-10-25 12:12:45 [INFO] [管道02-->赔率转换] 字段 'home_team_odds' 转换成功: '0.0' -> 0.0
2024-10-25 12:12:45 [INFO] [管道02-->赔率转换] 字段 'guest_team_odds' 转换成功: '0.0' -> 0.0
2024-10-25 12:12:45 [INFO] [管道02-->赔率转换] 字段 'draw_odds' 转换成功: '0.0' -> 0.0
2024-10-25 12:12:45 [INFO] [管道02-->赔率转换] 字段 'home_team_odds' 转换成功: '0' -> 0.0
2024-10-25 12:12:45 [INFO] [管道02-->赔率转换] 字段 'guest_team_odds' 转换成功: '0' -> 0.0
2024-10-25 12:12:45 [INFO] [管道02-->赔率转换] 字段 'draw_odds' 转换成功: '0' -> 0.0
2024-10-25 12:12:45 [INFO] [管道02-->赔率转换] 字段 'home_team_odds' 转换成功: '0' -> 0.0
2024-10-25 12:12:45 [INFO] [管道02-->赔率转换] 字段 'guest_team_odds' 转换成功: '0' -> 0.0
2024-10-25 12:12:45 [INFO] [管道02-->赔率转换] 字段 'draw_odds' 转换成功: '0' -> 0.0
2024-10-25 12:12:48 [INFO] [管道02-->赔率转换] 字段 'home_team_odds' 转换成功: '0.0' -> 0.0
2024-10-25 12:12:48 [INFO] [管道02-->赔率转换] 字段 'guest_team_odds' 转换成功: '0.0' -> 0.0
2024-10-25 12:12:48 [INFO] [管道02-->赔率转换] 字段 'draw_odds' 转换成功: '0.0' -> 0.0
2024-10-25 12:12:48 [INFO] [管道02-->赔率转换] 字段 'home_team_odds' 转换成功: '0.0' -> 0.0
2024-10-25 12:12:48 [INFO] [管道02-->赔率转换] 字段 'guest_team_odds' 转换成功: '0.0' -> 0.0
2024-10-25 12:12:48 [INFO] [管道02-->赔率转换] 字段 'draw_odds' 转换成功: '0.0' -> 0.0
2024-10-25 12:12:49 [INFO] [管道02-->赔率转换] 字段 'home_team_odds' 转换成功: '0' -> 0.0
2024-10-25 12:12:49 [INFO] [管道02-->赔率转换] 字段 'guest_team_odds' 转换成功: '0' -> 0.0
2024-10-25 12:12:49 [INFO] [管道02-->赔率转换] 字段 'draw_odds' 转换成功: '0' -> 0.0
2024-10-25 12:12:49 [INFO] [管道02-->赔率转换] 字段 'home_team_odds' 转换成功: '0' -> 0.0
2024-10-25 12:12:49 [INFO] [管道02-->赔率转换] 字段 'guest_team_odds' 转换成功: '0' -> 0.0
2024-10-25 12:12:49 [INFO] [管道02-->赔率转换] 字段 'draw_odds' 转换成功: '0' -> 0.0
2024-10-25 12:12:51 [INFO] [管道02-->赔率转换] 字段 'home_team_odds' 转换成功: '0.0' -> 0.0
2024-10-25 12:12:51 [INFO] [管道02-->赔率转换] 字段 'guest_team_odds' 转换成功: '0.0' -> 0.0
2024-10-25 12:12:51 [INFO] [管道02-->赔率转换] 字段 'draw_odds' 转换成功: '0.0' -> 0.0
2024-10-25 12:12:51 [INFO] [管道02-->赔率转换] 字段 'home_team_odds' 转换成功: '0.0' -> 0.0
2024-10-25 12:12:51 [INFO] [管道02-->赔率转换] 字段 'guest_team_odds' 转换成功: '0.0' -> 0.0
2024-10-25 12:12:51 [INFO] [管道02-->赔率转换] 字段 'draw_odds' 转换成功: '0.0' -> 0.0
2024-10-25 12:12:52 [INFO] [管道02-->赔率转换] 字段 'home_team_odds' 转换成功: '0' -> 0.0
2024-10-25 12:12:52 [INFO] [管道02-->赔率转换] 字段 'guest_team_odds' 转换成功: '0' -> 0.0
2024-10-25 12:12:52 [INFO] [管道02-->赔率转换] 字段 'draw_odds' 转换成功: '0' -> 0.0
2024-10-25 12:12:52 [INFO] [管道02-->赔率转换] 字段 'home_team_odds' 转换成功: '0' -> 0.0
2024-10-25 12:12:52 [INFO] [管道02-->赔率转换] 字段 'guest_team_odds' 转换成功: '0' -> 0.0
2024-10-25 12:12:52 [INFO] [管道02-->赔率转换] 字段 'draw_odds' 转换成功: '0' -> 0.0
2024-10-25 12:12:54 [INFO] [管道02-->赔率转换] 字段 'home_team_odds' 转换成功: '0.0' -> 0.0
2024-10-25 12:12:54 [INFO] [管道02-->赔率转换] 字段 'guest_team_odds' 转换成功: '0.0' -> 0.0
2024-10-25 12:12:54 [INFO] [管道02-->赔率转换] 字段 'draw_odds' 转换成功: '0.0' -> 0.0
2024-10-25 12:12:54 [INFO] [管道02-->赔率转换] 字段 'home_team_odds' 转换成功: '0.0' -> 0.0
2024-10-25 12:12:54 [INFO] [管道02-->赔率转换] 字段 'guest_team_odds' 转换成功: '0.0' -> 0.0
2024-10-25 12:12:54 [INFO] [管道02-->赔率转换] 字段 'draw_odds' 转换成功: '0.0' -> 0.0
2024-10-25 12:12:55 [INFO] [管道02-->赔率转换] 字段 'home_team_odds' 转换成功: '0' -> 0.0
2024-10-25 12:12:55 [INFO] [管道02-->赔率转换] 字段 'guest_team_odds' 转换成功: '0' -> 0.0
2024-10-25 12:12:55 [INFO] [管道02-->赔率转换] 字段 'draw_odds' 转换成功: '0' -> 0.0
2024-10-25 12:12:55 [INFO] [管道02-->赔率转换] 字段 'home_team_odds' 转换成功: '0' -> 0.0
2024-10-25 12:12:55 [INFO] [管道02-->赔率转换] 字段 'guest_team_odds' 转换成功: '0' -> 0.0
2024-10-25 12:12:55 [INFO] [管道02-->赔率转换] 字段 'draw_odds' 转换成功: '0' -> 0.0
2024-10-25 12:12:57 [INFO] [管道02-->赔率转换] 字段 'home_team_odds' 转换成功: '0.0' -> 0.0
2024-10-25 12:12:57 [INFO] [管道02-->赔率转换] 字段 'guest_team_odds' 转换成功: '0.0' -> 0.0
2024-10-25 12:12:57 [INFO] [管道02-->赔率转换] 字段 'draw_odds' 转换成功: '0.0' -> 0.0
2024-10-25 12:12:57 [INFO] [管道02-->赔率转换] 字段 'home_team_odds' 转换成功: '0.0' -> 0.0
2024-10-25 12:12:57 [INFO] [管道02-->赔率转换] 字段 'guest_team_odds' 转换成功: '0.0' -> 0.0
2024-10-25 12:12:57 [INFO] [管道02-->赔率转换] 字段 'draw_odds' 转换成功: '0.0' -> 0.0
2024-10-25 12:12:58 [INFO] [管道02-->赔率转换] 字段 'home_team_odds' 转换成功: '0' -> 0.0
2024-10-25 12:12:58 [INFO] [管道02-->赔率转换] 字段 'guest_team_odds' 转换成功: '0' -> 0.0
2024-10-25 12:12:58 [INFO] [管道02-->赔率转换] 字段 'draw_odds' 转换成功: '0' -> 0.0
2024-10-25 12:12:58 [INFO] [管道02-->赔率转换] 字段 'home_team_odds' 转换成功: '0' -> 0.0
2024-10-25 12:12:58 [INFO] [管道02-->赔率转换] 字段 'guest_team_odds' 转换成功: '0' -> 0.0
2024-10-25 12:12:58 [INFO] [管道02-->赔率转换] 字段 'draw_odds' 转换成功: '0' -> 0.0
2024-10-25 12:13:00 [INFO] [管道02-->赔率转换] 字段 'home_team_odds' 转换成功: '0.0' -> 0.0
2024-10-25 12:13:00 [INFO] [管道02-->赔率转换] 字段 'guest_team_odds' 转换成功: '0.0' -> 0.0
2024-10-25 12:13:00 [INFO] [管道02-->赔率转换] 字段 'draw_odds' 转换成功: '0.0' -> 0.0
2024-10-25 12:13:00 [INFO] [管道02-->赔率转换] 字段 'home_team_odds' 转换成功: '0.0' -> 0.0
2024-10-25 12:13:00 [INFO] [管道02-->赔率转换] 字段 'guest_team_odds' 转换成功: '0.0' -> 0.0
2024-10-25 12:13:00 [INFO] [管道02-->赔率转换] 字段 'draw_odds' 转换成功: '0.0' -> 0.0
2024-10-25 12:13:02 [INFO] [管道02-->赔率转换] 字段 'home_team_odds' 转换成功: '0' -> 0.0
2024-10-25 12:13:02 [INFO] [管道02-->赔率转换] 字段 'guest_team_odds' 转换成功: '0' -> 0.0
2024-10-25 12:13:02 [INFO] [管道02-->赔率转换] 字段 'draw_odds' 转换成功: '0' -> 0.0
2024-10-25 12:13:02 [INFO] [管道02-->赔率转换] 字段 'home_team_odds' 转换成功: '0' -> 0.0
2024-10-25 12:13:02 [INFO] [管道02-->赔率转换] 字段 'guest_team_odds' 转换成功: '0' -> 0.0
2024-10-25 12:13:02 [INFO] [管道02-->赔率转换] 字段 'draw_odds' 转换成功: '0' -> 0.0
2024-10-25 12:13:03 [INFO] [管道02-->赔率转换] 字段 'home_team_odds' 转换成功: '0.0' -> 0.0
2024-10-25 12:13:03 [INFO] [管道02-->赔率转换] 字段 'guest_team_odds' 转换成功: '0.0' -> 0.0
2024-10-25 12:13:03 [INFO] [管道02-->赔率转换] 字段 'draw_odds' 转换成功: '0.0' -> 0.0
2024-10-25 12:13:03 [INFO] [管道02-->赔率转换] 字段 'home_team_odds' 转换成功: '0.0' -> 0.0
2024-10-25 12:13:03 [INFO] [管道02-->赔率转换] 字段 'guest_team_odds' 转换成功: '0.0' -> 0.0
2024-10-25 12:13:03 [INFO] [管道02-->赔率转换] 字段 'draw_odds' 转换成功: '0.0' -> 0.0
2024-10-25 12:13:05 [INFO] [管道02-->赔率转换] 字段 'home_team_odds' 转换成功: '0' -> 0.0
2024-10-25 12:13:05 [INFO] [管道02-->赔率转换] 字段 'guest_team_odds' 转换成功: '0' -> 0.0
2024-10-25 12:13:05 [INFO] [管道02-->赔率转换] 字段 'draw_odds' 转换成功: '0' -> 0.0
2024-10-25 12:13:05 [INFO] [管道02-->赔率转换] 字段 'home_team_odds' 转换成功: '0' -> 0.0
2024-10-25 12:13:05 [INFO] [管道02-->赔率转换] 字段 'guest_team_odds' 转换成功: '0' -> 0.0
2024-10-25 12:13:05 [INFO] [管道02-->赔率转换] 字段 'draw_odds' 转换成功: '0' -> 0.0
2024-10-25 12:13:06 [INFO] [管道02-->赔率转换] 字段 'home_team_odds' 转换成功: '0.0' -> 0.0
2024-10-25 12:13:06 [INFO] [管道02-->赔率转换] 字段 'guest_team_odds' 转换成功: '0.0' -> 0.0
2024-10-25 12:13:06 [INFO] [管道02-->赔率转换] 字段 'draw_odds' 转换成功: '0.0' -> 0.0
2024-10-25 12:13:06 [INFO] [管道02-->赔率转换] 字段 'home_team_odds' 转换成功: '0.0' -> 0.0
2024-10-25 12:13:06 [INFO] [管道02-->赔率转换] 字段 'guest_team_odds' 转换成功: '0.0' -> 0.0
2024-10-25 12:13:06 [INFO] [管道02-->赔率转换] 字段 'draw_odds' 转换成功: '0.0' -> 0.0
2024-10-25 12:13:08 [INFO] [管道02-->赔率转换] 字段 'home_team_odds' 转换成功: '0' -> 0.0
2024-10-25 12:13:08 [INFO] [管道02-->赔率转换] 字段 'guest_team_odds' 转换成功: '0' -> 0.0
2024-10-25 12:13:08 [INFO] [管道02-->赔率转换] 字段 'draw_odds' 转换成功: '0' -> 0.0
2024-10-25 12:13:08 [INFO] [管道02-->赔率转换] 字段 'home_team_odds' 转换成功: '0' -> 0.0
2024-10-25 12:13:08 [INFO] [管道02-->赔率转换] 字段 'guest_team_odds' 转换成功: '0' -> 0.0
2024-10-25 12:13:08 [INFO] [管道02-->赔率转换] 字段 'draw_odds' 转换成功: '0' -> 0.0
2024-10-25 12:13:09 [INFO] [管道02-->赔率转换] 字段 'home_team_odds' 转换成功: '0.0' -> 0.0
2024-10-25 12:13:09 [INFO] [管道02-->赔率转换] 字段 'guest_team_odds' 转换成功: '0.0' -> 0.0
2024-10-25 12:13:09 [INFO] [管道02-->赔率转换] 字段 'draw_odds' 转换成功: '0.0' -> 0.0
2024-10-25 12:13:09 [INFO] [管道02-->赔率转换] 字段 'home_team_odds' 转换成功: '0.0' -> 0.0
2024-10-25 12:13:09 [INFO] [管道02-->赔率转换] 字段 'guest_team_odds' 转换成功: '0.0' -> 0.0
2024-10-25 12:13:09 [INFO] [管道02-->赔率转换] 字段 'draw_odds' 转换成功: '0.0' -> 0.0
2024-10-25 12:13:12 [INFO] [管道02-->赔率转换] 字段 'home_team_odds' 转换成功: '0' -> 0.0
2024-10-25 12:13:12 [INFO] [管道02-->赔率转换] 字段 'guest_team_odds' 转换成功: '0' -> 0.0
2024-10-25 12:13:12 [INFO] [管道02-->赔率转换] 字段 'draw_odds' 转换成功: '0' -> 0.0
2024-10-25 12:13:12 [INFO] [管道02-->赔率转换] 字段 'home_team_odds' 转换成功: '0' -> 0.0
2024-10-25 12:13:12 [INFO] [管道02-->赔率转换] 字段 'guest_team_odds' 转换成功: '0' -> 0.0
2024-10-25 12:13:12 [INFO] [管道02-->赔率转换] 字段 'draw_odds' 转换成功: '0' -> 0.0
2024-10-25 12:13:13 [INFO] [管道02-->赔率转换] 字段 'home_team_odds' 转换成功: '0.0' -> 0.0
2024-10-25 12:13:13 [INFO] [管道02-->赔率转换] 字段 'guest_team_odds' 转换成功: '0.0' -> 0.0
2024-10-25 12:13:13 [INFO] [管道02-->赔率转换] 字段 'draw_odds' 转换成功: '0.0' -> 0.0
2024-10-25 12:13:13 [INFO] [管道02-->赔率转换] 字段 'home_team_odds' 转换成功: '0.0' -> 0.0
2024-10-25 12:13:13 [INFO] [管道02-->赔率转换] 字段 'guest_team_odds' 转换成功: '0.0' -> 0.0
2024-10-25 12:13:13 [INFO] [管道02-->赔率转换] 字段 'draw_odds' 转换成功: '0.0' -> 0.0
2024-10-25 12:13:15 [INFO] [管道02-->赔率转换] 字段 'home_team_odds' 转换成功: '0' -> 0.0
2024-10-25 12:13:15 [INFO] [管道02-->赔率转换] 字段 'guest_team_odds' 转换成功: '0' -> 0.0
2024-10-25 12:13:15 [INFO] [管道02-->赔率转换] 字段 'draw_odds' 转换成功: '0' -> 0.0
2024-10-25 12:13:15 [INFO] [管道02-->赔率转换] 字段 'home_team_odds' 转换成功: '0' -> 0.0
2024-10-25 12:13:15 [INFO] [管道02-->赔率转换] 字段 'guest_team_odds' 转换成功: '0' -> 0.0
2024-10-25 12:13:15 [INFO] [管道02-->赔率转换] 字段 'draw_odds' 转换成功: '0' -> 0.0
2024-10-25 12:13:16 [INFO] [管道02-->赔率转换] 字段 'home_team_odds' 转换成功: '0.0' -> 0.0
2024-10-25 12:13:16 [INFO] [管道02-->赔率转换] 字段 'guest_team_odds' 转换成功: '0.0' -> 0.0
2024-10-25 12:13:16 [INFO] [管道02-->赔率转换] 字段 'draw_odds' 转换成功: '0.0' -> 0.0
2024-10-25 12:13:16 [INFO] [管道02-->赔率转换] 字段 'home_team_odds' 转换成功: '0.0' -> 0.0
2024-10-25 12:13:16 [INFO] [管道02-->赔率转换] 字段 'guest_team_odds' 转换成功: '0.0' -> 0.0
2024-10-25 12:13:16 [INFO] [管道02-->赔率转换] 字段 'draw_odds' 转换成功: '0.0' -> 0.0
2024-10-25 12:13:18 [INFO] [管道02-->赔率转换] 字段 'home_team_odds' 转换成功: '0' -> 0.0
2024-10-25 12:13:18 [INFO] [管道02-->赔率转换] 字段 'guest_team_odds' 转换成功: '0' -> 0.0
2024-10-25 12:13:18 [INFO] [管道02-->赔率转换] 字段 'draw_odds' 转换成功: '0' -> 0.0
2024-10-25 12:13:18 [INFO] [管道02-->赔率转换] 字段 'home_team_odds' 转换成功: '0' -> 0.0
2024-10-25 12:13:18 [INFO] [管道02-->赔率转换] 字段 'guest_team_odds' 转换成功: '0' -> 0.0
2024-10-25 12:13:18 [INFO] [管道02-->赔率转换] 字段 'draw_odds' 转换成功: '0' -> 0.0
2024-10-25 12:13:19 [INFO] [管道02-->赔率转换] 字段 'home_team_odds' 转换成功: '0.0' -> 0.0
2024-10-25 12:13:19 [INFO] [管道02-->赔率转换] 字段 'guest_team_odds' 转换成功: '0.0' -> 0.0
2024-10-25 12:13:19 [INFO] [管道02-->赔率转换] 字段 'draw_odds' 转换成功: '0.0' -> 0.0
2024-10-25 12:13:19 [INFO] [管道02-->赔率转换] 字段 'home_team_odds' 转换成功: '0.0' -> 0.0
2024-10-25 12:13:19 [INFO] [管道02-->赔率转换] 字段 'guest_team_odds' 转换成功: '0.0' -> 0.0
2024-10-25 12:13:19 [INFO] [管道02-->赔率转换] 字段 'draw_odds' 转换成功: '0.0' -> 0.0
