2024-10-22 23:36:23 [INFO]  正在查找与 "Odisha FC -- SC East Bengal" 最匹配的标准名称：
2024-10-22 23:36:23 [INFO]  没有找到得分 >= 60% 的匹配项。
2024-10-22 23:36:23 [INFO]  正在查找与 "ASO Chlef -- USM Khenchela" 最匹配的标准名称：
2024-10-22 23:36:23 [INFO]  没有找到得分 >= 60% 的匹配项。
2024-10-22 23:36:23 [INFO]  正在查找与 "South Africa -- Namibia" 最匹配的标准名称：
2024-10-22 23:36:23 [INFO]  没有找到得分 >= 60% 的匹配项。
2024-10-22 23:36:23 [INFO]  正在查找与 "Golden Kicks FC -- Inter Allies FC" 最匹配的标准名称：
2024-10-22 23:36:23 [INFO]  没有找到得分 >= 60% 的匹配项。
2024-10-22 23:36:24 [INFO]  正在查找与 "Real Madrid -- Borussia Dortmund" 最匹配的标准名称：
2024-10-22 23:36:24 [INFO]  没有找到得分 >= 60% 的匹配项。
2024-10-22 23:36:24 [INFO]  正在查找与 "FC Istiklol -- Al Wehdat" 最匹配的标准名称：
2024-10-22 23:36:24 [INFO]  没有找到得分 >= 60% 的匹配项。
2024-10-22 23:36:24 [INFO]  正在查找与 "Girona FC -- Slovan Bratislava" 最匹配的标准名称：
2024-10-22 23:36:24 [INFO]  没有找到得分 >= 60% 的匹配项。
2024-10-22 23:36:24 [INFO]  正在查找与 "SCC Mohammedia -- Maghreb AS de Fes" 最匹配的标准名称：
2024-10-22 23:36:24 [INFO]  匹配结果（得分 >= 60%）：
2024-10-22 23:36:24 [INFO]    匹配 1:
2024-10-22 23:36:24 [INFO]      - 标准名称: South Africa -- Namibia
2024-10-22 23:36:24 [INFO]      - 匹配得分: 85.50
2024-10-22 23:36:28 [INFO]  正在查找与 "Estrela Amadora -- Portimonense" 最匹配的标准名称：
2024-10-22 23:36:28 [INFO]  没有找到得分 >= 60% 的匹配项。
2024-10-22 23:36:28 [INFO]  正在查找与 "AL Jandal -- Al-Ain FC (SA)" 最匹配的标准名称：
2024-10-22 23:36:28 [INFO]  没有找到得分 >= 60% 的匹配项。
2024-10-22 23:36:28 [INFO]  正在查找与 "Ohod Medina -- Al Bukiryah" 最匹配的标准名称：
2024-10-22 23:36:28 [INFO]  没有找到得分 >= 60% 的匹配项。
2024-10-22 23:36:28 [INFO]  正在查找与 "Al-Nasr Dubai CSC -- Dhofar SCSC" 最匹配的标准名称：
2024-10-22 23:36:28 [INFO]  没有找到得分 >= 60% 的匹配项。
2024-10-22 23:36:28 [INFO]  正在查找与 "FC Zlin -- FC Vysocina Jihlava" 最匹配的标准名称：
2024-10-22 23:36:28 [INFO]  没有找到得分 >= 60% 的匹配项。
2024-10-22 23:36:28 [INFO]  正在查找与 "Estrela Amadora U23 -- Portimonense" 最匹配的标准名称：
2024-10-22 23:36:28 [INFO]  匹配结果（得分 >= 60%）：
2024-10-22 23:36:28 [INFO]    匹配 1:
2024-10-22 23:36:28 [INFO]      - 标准名称: South Africa -- Namibia
2024-10-22 23:36:28 [INFO]      - 匹配得分: 85.50
2024-10-22 23:36:32 [INFO]  正在查找与 "Sharjah FC -- Sepahan SC" 最匹配的标准名称：
2024-10-22 23:36:32 [INFO]  没有找到得分 >= 60% 的匹配项。
2024-10-22 23:36:32 [INFO]  正在查找与 "SK Sturm Graz -- Sporting CP" 最匹配的标准名称：
2024-10-22 23:36:32 [INFO]  没有找到得分 >= 60% 的匹配项。
2024-10-22 23:36:32 [INFO]  正在查找与 "FK Panevezys -- Dziugas" 最匹配的标准名称：
2024-10-22 23:36:32 [INFO]  匹配结果（得分 >= 60%）：
2024-10-22 23:36:32 [INFO]    匹配 1:
2024-10-22 23:36:32 [INFO]      - 标准名称: SCC Mohammedia -- Maghreb AS de Fes
2024-10-22 23:36:32 [INFO]      - 匹配得分: 85.50
2024-10-22 23:36:36 [INFO]  正在查找与 "Deportivo Toluca U23 -- Club Puebla" 最匹配的标准名称：
2024-10-22 23:36:36 [INFO]  匹配结果（得分 >= 60%）：
2024-10-22 23:36:36 [INFO]    匹配 1:
2024-10-22 23:36:36 [INFO]      - 标准名称: South Africa -- Namibia
2024-10-22 23:36:36 [INFO]      - 匹配得分: 85.50
2024-10-22 23:36:41 [INFO]  正在查找与 "Busaiteen U21 -- Al-Sitra U21" 最匹配的标准名称：
2024-10-22 23:36:41 [INFO]  没有找到得分 >= 60% 的匹配项。
2024-10-22 23:36:41 [INFO]  正在查找与 "Hassania Union Sport Agadir -- Union Touarga" 最匹配的标准名称：
2024-10-22 23:36:41 [INFO]  匹配结果（得分 >= 60%）：
2024-10-22 23:36:41 [INFO]    匹配 1:
2024-10-22 23:36:41 [INFO]      - 标准名称: FC Istiklol -- Al Wehdat
2024-10-22 23:36:41 [INFO]      - 匹配得分: 85.50
2024-10-22 23:36:41 [INFO]    匹配 2:
2024-10-22 23:36:41 [INFO]      - 标准名称: South Africa -- Namibia
2024-10-22 23:36:41 [INFO]      - 匹配得分: 85.50
2024-10-22 23:36:41 [INFO]    匹配 3:
2024-10-22 23:36:41 [INFO]      - 标准名称: ASO Chlef -- USM Khenchela
2024-10-22 23:36:41 [INFO]      - 匹配得分: 85.50
2024-10-22 23:36:41 [INFO]    匹配 4:
2024-10-22 23:36:41 [INFO]      - 标准名称: Odisha FC -- SC East Bengal
2024-10-22 23:36:41 [INFO]      - 匹配得分: 85.50
2024-10-22 23:36:41 [INFO]    匹配 5:
2024-10-22 23:36:41 [INFO]      - 标准名称: SC Braga -- SK Rapid Wien U19
2024-10-22 23:36:41 [INFO]      - 匹配得分: 85.50
2024-10-22 23:36:45 [INFO]  正在查找与 "SCCM Chabab Mohammedia -- Mas Maghrib A Fes" 最匹配的标准名称：
2024-10-22 23:36:45 [INFO]  匹配结果（得分 >= 60%）：
2024-10-22 23:36:45 [INFO]    匹配 1:
2024-10-22 23:36:45 [INFO]      - 标准名称: FC Istiklol -- Al Wehdat
2024-10-22 23:36:45 [INFO]      - 匹配得分: 85.50
2024-10-22 23:36:45 [INFO]    匹配 2:
2024-10-22 23:36:45 [INFO]      - 标准名称: South Africa -- Namibia
2024-10-22 23:36:45 [INFO]      - 匹配得分: 85.50
2024-10-22 23:36:45 [INFO]    匹配 3:
2024-10-22 23:36:45 [INFO]      - 标准名称: ASO Chlef -- USM Khenchela
2024-10-22 23:36:45 [INFO]      - 匹配得分: 85.50
2024-10-22 23:36:45 [INFO]    匹配 4:
2024-10-22 23:36:45 [INFO]      - 标准名称: Odisha FC -- SC East Bengal
2024-10-22 23:36:45 [INFO]      - 匹配得分: 85.50
2024-10-22 23:36:45 [INFO]    匹配 5:
2024-10-22 23:36:45 [INFO]      - 标准名称: SCC Mohammedia -- Maghreb AS de Fes
2024-10-22 23:36:45 [INFO]      - 匹配得分: 76.92
2024-10-22 23:36:53 [INFO]  正在查找与 "FCI Levadia Tallinn -- FC Nomme United" 最匹配的标准名称：
2024-10-22 23:36:53 [INFO]  匹配结果（得分 >= 60%）：
2024-10-22 23:36:53 [INFO]    匹配 1:
2024-10-22 23:36:53 [INFO]      - 标准名称: FC Istiklol -- Al Wehdat
2024-10-22 23:36:53 [INFO]      - 匹配得分: 85.50
2024-10-22 23:36:53 [INFO]    匹配 2:
2024-10-22 23:36:53 [INFO]      - 标准名称: South Africa -- Namibia
2024-10-22 23:36:53 [INFO]      - 匹配得分: 85.50
2024-10-22 23:36:57 [INFO]  正在查找与 "Tartu JK Tammeka -- FC Kuressaare" 最匹配的标准名称：
2024-10-22 23:36:57 [INFO]  没有找到得分 >= 60% 的匹配项。
2024-10-22 23:36:57 [INFO]  正在查找与 "Odisha FC -- East Bengal" 最匹配的标准名称：
2024-10-22 23:36:57 [INFO]  匹配结果（得分 >= 60%）：
2024-10-22 23:36:57 [INFO]    匹配 1:
2024-10-22 23:36:57 [INFO]      - 标准名称: Odisha FC -- SC East Bengal
2024-10-22 23:36:57 [INFO]      - 匹配得分: 95.00
2024-10-22 23:37:02 [INFO]  正在查找与 "Istiklol -- Al Wehdat Jor" 最匹配的标准名称：
2024-10-22 23:37:02 [INFO]  匹配结果（得分 >= 60%）：
2024-10-22 23:37:02 [INFO]    匹配 1:
2024-10-22 23:37:02 [INFO]      - 标准名称: FC Istiklol -- Al Wehdat
2024-10-22 23:37:02 [INFO]      - 匹配得分: 88.67
2024-10-22 23:37:09 [INFO]  正在查找与 "Sharjah FC -- Foolad Mobarakeh Sepahan SC" 最匹配的标准名称：
2024-10-22 23:37:09 [INFO]  匹配结果（得分 >= 60%）：
2024-10-22 23:37:09 [INFO]    匹配 1:
2024-10-22 23:37:09 [INFO]      - 标准名称: FC Istiklol -- Al Wehdat
2024-10-22 23:37:09 [INFO]      - 匹配得分: 85.50
2024-10-22 23:37:09 [INFO]    匹配 2:
2024-10-22 23:37:09 [INFO]      - 标准名称: South Africa -- Namibia
2024-10-22 23:37:09 [INFO]      - 匹配得分: 85.50
2024-10-22 23:37:09 [INFO]    匹配 3:
2024-10-22 23:37:09 [INFO]      - 标准名称: ASO Chlef -- USM Khenchela
2024-10-22 23:37:09 [INFO]      - 匹配得分: 85.50
2024-10-22 23:37:09 [INFO]    匹配 4:
2024-10-22 23:37:09 [INFO]      - 标准名称: Odisha FC -- SC East Bengal
2024-10-22 23:37:09 [INFO]      - 匹配得分: 85.50
2024-10-22 23:37:18 [INFO]  正在查找与 "Girona FC -- Slovan Bratislava U19" 最匹配的标准名称：
2024-10-22 23:37:18 [INFO]  匹配结果（得分 >= 60%）：
2024-10-22 23:37:18 [INFO]    匹配 1:
2024-10-22 23:37:18 [INFO]      - 标准名称: Girona FC -- Slovan Bratislava
2024-10-22 23:37:18 [INFO]      - 匹配得分: 95.00
2024-10-22 23:37:26 [INFO]  正在查找与 "Real Madrid U19 -- Borussia Dortmund U19" 最匹配的标准名称：
2024-10-22 23:37:26 [INFO]  匹配结果（得分 >= 60%）：
2024-10-22 23:37:26 [INFO]    匹配 1:
2024-10-22 23:37:26 [INFO]      - 标准名称: Real Madrid -- Borussia Dortmund
2024-10-22 23:37:26 [INFO]      - 匹配得分: 95.00
2024-10-22 23:37:26 [INFO]    匹配 2:
2024-10-22 23:37:26 [INFO]      - 标准名称: FC Istiklol -- Al Wehdat
2024-10-22 23:37:26 [INFO]      - 匹配得分: 85.50
2024-10-22 23:37:26 [INFO]    匹配 3:
2024-10-22 23:37:26 [INFO]      - 标准名称: South Africa -- Namibia
2024-10-22 23:37:26 [INFO]      - 匹配得分: 85.50
2024-10-22 23:37:26 [INFO]    匹配 4:
2024-10-22 23:37:26 [INFO]      - 标准名称: ASO Chlef -- USM Khenchela
2024-10-22 23:37:26 [INFO]      - 匹配得分: 85.50
2024-10-22 23:37:32 [INFO]  正在查找与 "SK Sturm Graz -- Sporting CP U19" 最匹配的标准名称：
2024-10-22 23:37:32 [INFO]  没有找到得分 >= 60% 的匹配项。
2024-10-22 23:37:32 [INFO]  正在查找与 "FC Vion Zlate Moravce - Vrable -- MFK Stara Lubovna" 最匹配的标准名称：
2024-10-22 23:37:32 [INFO]  匹配结果（得分 >= 60%）：
2024-10-22 23:37:32 [INFO]    匹配 1:
2024-10-22 23:37:32 [INFO]      - 标准名称: Girona FC -- Slovan Bratislava
2024-10-22 23:37:32 [INFO]      - 匹配得分: 85.50
2024-10-22 23:37:32 [INFO]    匹配 2:
2024-10-22 23:37:32 [INFO]      - 标准名称: FC Istiklol -- Al Wehdat
2024-10-22 23:37:32 [INFO]      - 匹配得分: 85.50
2024-10-22 23:37:32 [INFO]    匹配 3:
2024-10-22 23:37:32 [INFO]      - 标准名称: Real Madrid -- Borussia Dortmund
2024-10-22 23:37:32 [INFO]      - 匹配得分: 85.50
2024-10-22 23:37:32 [INFO]    匹配 4:
2024-10-22 23:37:32 [INFO]      - 标准名称: Golden Kicks FC -- Inter Allies FC
2024-10-22 23:37:32 [INFO]      - 匹配得分: 85.50
2024-10-22 23:37:32 [INFO]    匹配 5:
2024-10-22 23:37:32 [INFO]      - 标准名称: South Africa -- Namibia
2024-10-22 23:37:32 [INFO]      - 匹配得分: 85.50
2024-10-22 23:37:40 [INFO]  正在查找与 "Slavonija Pozega -- NK Osijek" 最匹配的标准名称：
2024-10-22 23:37:40 [INFO]  没有找到得分 >= 60% 的匹配项。
2024-10-22 23:37:40 [INFO]  正在查找与 "Torreense U23 -- Academico Viseu U23" 最匹配的标准名称：
2024-10-22 23:37:40 [INFO]  匹配结果（得分 >= 60%）：
2024-10-22 23:37:40 [INFO]    匹配 1:
2024-10-22 23:37:40 [INFO]      - 标准名称: FC Istiklol -- Al Wehdat
2024-10-22 23:37:40 [INFO]      - 匹配得分: 85.50
2024-10-22 23:37:40 [INFO]    匹配 2:
2024-10-22 23:37:40 [INFO]      - 标准名称: South Africa -- Namibia
2024-10-22 23:37:40 [INFO]      - 匹配得分: 85.50
2024-10-22 23:37:44 [INFO]  正在查找与 "US Forces Armees -- RC Bobo-Dioulasso" 最匹配的标准名称：
2024-10-22 23:37:44 [INFO]  匹配结果（得分 >= 60%）：
2024-10-22 23:37:44 [INFO]    匹配 1:
2024-10-22 23:37:44 [INFO]      - 标准名称: FC Istiklol -- Al Wehdat
2024-10-22 23:37:44 [INFO]      - 匹配得分: 85.50
2024-10-22 23:37:44 [INFO]    匹配 2:
2024-10-22 23:37:44 [INFO]      - 标准名称: South Africa -- Namibia
2024-10-22 23:37:44 [INFO]      - 匹配得分: 85.50
2024-10-22 23:37:49 [INFO]  正在查找与 "Deportivo Toluca U23 -- Puebla FC U23" 最匹配的标准名称：
2024-10-22 23:37:49 [INFO]  匹配结果（得分 >= 60%）：
2024-10-22 23:37:49 [INFO]    匹配 1:
2024-10-22 23:37:49 [INFO]      - 标准名称: FC Istiklol -- Al Wehdat
2024-10-22 23:37:49 [INFO]      - 匹配得分: 85.50
2024-10-22 23:37:49 [INFO]    匹配 2:
2024-10-22 23:37:49 [INFO]      - 标准名称: South Africa -- Namibia
2024-10-22 23:37:49 [INFO]      - 匹配得分: 85.50
2024-10-22 23:37:54 [INFO]  正在查找与 "FK Istiklol -- Al Wehdat Jor" 最匹配的标准名称：
2024-10-22 23:37:54 [INFO]  匹配结果（得分 >= 60%）：
2024-10-22 23:37:54 [INFO]    匹配 1:
2024-10-22 23:37:54 [INFO]      - 标准名称: FC Istiklol -- Al Wehdat
2024-10-22 23:37:54 [INFO]      - 匹配得分: 88.67
2024-10-22 23:38:00 [INFO]  正在查找与 "SK Sturm Graz -- Sporting Lissabon" 最匹配的标准名称：
2024-10-22 23:38:00 [INFO]  没有找到得分 >= 60% 的匹配项。
2024-10-22 23:38:00 [INFO]  正在查找与 "Girona FC Youth -- Slovan Bratislava" 最匹配的标准名称：
2024-10-22 23:38:00 [INFO]  匹配结果（得分 >= 60%）：
2024-10-22 23:38:00 [INFO]    匹配 1:
2024-10-22 23:38:00 [INFO]      - 标准名称: Girona FC -- Slovan Bratislava
2024-10-22 23:38:00 [INFO]      - 匹配得分: 95.00
2024-10-22 23:38:00 [INFO]    匹配 2:
2024-10-22 23:38:00 [INFO]      - 标准名称: FC Istiklol -- Al Wehdat
2024-10-22 23:38:00 [INFO]      - 匹配得分: 85.50
2024-10-22 23:38:00 [INFO]    匹配 3:
2024-10-22 23:38:00 [INFO]      - 标准名称: South Africa -- Namibia
2024-10-22 23:38:00 [INFO]      - 匹配得分: 85.50
2024-10-22 23:38:07 [INFO]  正在查找与 "FC Shirak Gyumri -- FC Ararat-Armenia" 最匹配的标准名称：
2024-10-22 23:38:07 [INFO]  匹配结果（得分 >= 60%）：
2024-10-22 23:38:07 [INFO]    匹配 1:
2024-10-22 23:38:07 [INFO]      - 标准名称: FC Istiklol -- Al Wehdat
2024-10-22 23:38:07 [INFO]      - 匹配得分: 85.50
2024-10-22 23:38:07 [INFO]    匹配 2:
2024-10-22 23:38:07 [INFO]      - 标准名称: South Africa -- Namibia
2024-10-22 23:38:07 [INFO]      - 匹配得分: 85.50
2024-10-22 23:38:12 [INFO]  正在查找与 "FC Dynamo-Makhachkala -- FK Spartak Moscow" 最匹配的标准名称：
2024-10-22 23:38:12 [INFO]  匹配结果（得分 >= 60%）：
2024-10-22 23:38:12 [INFO]    匹配 1:
2024-10-22 23:38:12 [INFO]      - 标准名称: FC Istiklol -- Al Wehdat
2024-10-22 23:38:12 [INFO]      - 匹配得分: 85.50
2024-10-22 23:38:12 [INFO]    匹配 2:
2024-10-22 23:38:12 [INFO]      - 标准名称: South Africa -- Namibia
2024-10-22 23:38:12 [INFO]      - 匹配得分: 85.50
2024-10-22 23:38:12 [INFO]    匹配 3:
2024-10-22 23:38:12 [INFO]      - 标准名称: ASO Chlef -- USM Khenchela
2024-10-22 23:38:12 [INFO]      - 匹配得分: 85.50
2024-10-22 23:38:12 [INFO]    匹配 4:
2024-10-22 23:38:12 [INFO]      - 标准名称: Odisha FC -- SC East Bengal
2024-10-22 23:38:12 [INFO]      - 匹配得分: 85.50
2024-10-22 23:38:17 [INFO]  正在查找与 "GC Mascara -- RC Arbaa" 最匹配的标准名称：
2024-10-22 23:38:17 [INFO]  匹配结果（得分 >= 60%）：
2024-10-22 23:38:17 [INFO]    匹配 1:
2024-10-22 23:38:17 [INFO]      - 标准名称: SCC Mohammedia -- Maghreb AS de Fes
2024-10-22 23:38:17 [INFO]      - 匹配得分: 85.50
2024-10-22 23:38:17 [INFO]    匹配 2:
2024-10-22 23:38:17 [INFO]      - 标准名称: Golden Kicks FC -- Inter Allies FC
2024-10-22 23:38:17 [INFO]      - 匹配得分: 85.50
2024-10-22 23:38:20 [INFO]  正在查找与 "HB Chelghoum Laid -- JS Djidjel" 最匹配的标准名称：
2024-10-22 23:38:20 [INFO]  没有找到得分 >= 60% 的匹配项。
2024-10-22 23:38:20 [INFO]  正在查找与 "Ib Khemis El Khechna -- US Chaouia" 最匹配的标准名称：
2024-10-22 23:38:20 [INFO]  没有找到得分 >= 60% 的匹配项。
2024-10-22 23:38:20 [INFO]  正在查找与 "JSM Tiaret -- ASM Oran" 最匹配的标准名称：
2024-10-22 23:38:20 [INFO]  匹配结果（得分 >= 60%）：
2024-10-22 23:38:20 [INFO]    匹配 1:
2024-10-22 23:38:20 [INFO]      - 标准名称: SCC Mohammedia -- Maghreb AS de Fes
2024-10-22 23:38:20 [INFO]      - 匹配得分: 85.50
2024-10-22 23:38:20 [INFO]    匹配 2:
2024-10-22 23:38:20 [INFO]      - 标准名称: Golden Kicks FC -- Inter Allies FC
2024-10-22 23:38:20 [INFO]      - 匹配得分: 85.50
2024-10-22 23:38:26 [INFO]  正在查找与 "MO Constantine -- Js Bordj Menaiel" 最匹配的标准名称：
2024-10-22 23:38:26 [INFO]  没有找到得分 >= 60% 的匹配项。
2024-10-22 23:38:26 [INFO]  正在查找与 "MSP Batna -- Olympique Magrane U21" 最匹配的标准名称：
2024-10-22 23:38:26 [INFO]  没有找到得分 >= 60% 的匹配项。
2024-10-22 23:38:26 [INFO]  正在查找与 "NA Hussein Dey -- Esm Kolea" 最匹配的标准名称：
2024-10-22 23:38:26 [INFO]  没有找到得分 >= 60% 的匹配项。
2024-10-22 23:38:26 [INFO]  正在查找与 "US Souf -- CA Batna" 最匹配的标准名称：
2024-10-22 23:38:26 [INFO]  匹配结果（得分 >= 60%）：
2024-10-22 23:38:26 [INFO]    匹配 1:
2024-10-22 23:38:26 [INFO]      - 标准名称: SCC Mohammedia -- Maghreb AS de Fes
2024-10-22 23:38:26 [INFO]      - 匹配得分: 85.50
2024-10-22 23:38:26 [INFO]    匹配 2:
2024-10-22 23:38:26 [INFO]      - 标准名称: Girona FC -- Slovan Bratislava
2024-10-22 23:38:26 [INFO]      - 匹配得分: 85.50
2024-10-22 23:38:26 [INFO]    匹配 3:
2024-10-22 23:38:26 [INFO]      - 标准名称: Real Madrid -- Borussia Dortmund
2024-10-22 23:38:26 [INFO]      - 匹配得分: 85.50
2024-10-22 23:38:26 [INFO]    匹配 4:
2024-10-22 23:38:26 [INFO]      - 标准名称: Golden Kicks FC -- Inter Allies FC
2024-10-22 23:38:26 [INFO]      - 匹配得分: 85.50
2024-10-22 23:38:26 [INFO]    匹配 5:
2024-10-22 23:38:26 [INFO]      - 标准名称: SC Braga -- SK Rapid Wien U19
2024-10-22 23:38:26 [INFO]      - 匹配得分: 85.50
2024-10-22 23:38:32 [INFO]  正在查找与 "USM Annaba -- Nrb Teleghma" 最匹配的标准名称：
2024-10-22 23:38:32 [INFO]  没有找到得分 >= 60% 的匹配项。
2024-10-22 23:38:32 [INFO]  正在查找与 "EL Harrach -- MB Rouisset" 最匹配的标准名称：
2024-10-22 23:38:32 [INFO]  没有找到得分 >= 60% 的匹配项。
2024-10-22 23:38:32 [INFO]  正在查找与 "CR Temouchent -- Bechar Djedid" 最匹配的标准名称：
2024-10-22 23:38:32 [INFO]  没有找到得分 >= 60% 的匹配项。
2024-10-22 23:38:32 [INFO]  正在查找与 "Uf Santos -- Chadibe FC" 最匹配的标准名称：
2024-10-22 23:38:32 [INFO]  匹配结果（得分 >= 60%）：
2024-10-22 23:38:32 [INFO]    匹配 1:
2024-10-22 23:38:32 [INFO]      - 标准名称: SCC Mohammedia -- Maghreb AS de Fes
2024-10-22 23:38:32 [INFO]      - 匹配得分: 85.50
