2024-10-25 12:09:54 [INFO] [聚合字典更新成功] {
    "Kaya FC–Iloilo -- Eastern SC": {
        "Rollbit": {
            "Platform": "Rollbit",
            "league_name": "International Clubs/AFC Champions League Two",
            "game_name": "Kaya FC–Iloilo -- Eastern SC",
            "home_team_name": "Kaya FC–Iloilo",
            "guest_team_name": "Eastern SC",
            "home_team_odds": 2.85,
            "guest_team_odds": 2.3,
            "draw_odds": 3.25,
            "standard_name": "Kaya FC–Iloilo -- Eastern SC",
            "match_channels": "精确匹配"
        }
    }
}
2024-10-25 12:10:06 [INFO] [聚合字典更新成功] {
    "Kaya FC–Iloilo -- Eastern SC": {
        "Rollbit": {
            "Platform": "Rollbit",
            "league_name": "International Clubs/AFC Champions League Two",
            "game_name": "Kaya FC–Iloilo -- Eastern SC",
            "home_team_name": "Kaya FC–Iloilo",
            "guest_team_name": "Eastern SC",
            "home_team_odds": 2.85,
            "guest_team_odds": 2.3,
            "draw_odds": 3.25,
            "standard_name": "Kaya FC–Iloilo -- Eastern SC",
            "match_channels": "精确匹配"
        },
        "Stake": {
            "Platform": "Stake",
            "league_name": "International Clubs/AFC Cup",
            "game_name": "Kaya FC–Iloilo -- Eastern Sports Club",
            "home_team_name": "Kaya FC–Iloilo",
            "guest_team_name": "Eastern Sports Club",
            "home_team_odds": 2.85,
            "guest_team_odds": 2.3,
            "draw_odds": 3.25,
            "standard_name": "Kaya FC–Iloilo -- Eastern SC",
            "match_channels": "GPT匹配"
        }
    }
}
