2024-10-25 12:10:06 [WARNING] 发现套利机会：{
    "home_max_odds": {
        "odds": 2.9,
        "Platform": "Rollbit",
        "game_name": "Kaya FC–Iloilo -- Eastern SC",
        "standard_name": "Kaya FC–Iloilo -- Eastern SC"
    },
    "draw_max_odds": {
        "odds": 3.15,
        "Platform": "Stake",
        "game_name": "Kaya FC–Iloilo -- Eastern Sports Club",
        "standard_name": "Kaya FC–Iloilo -- Eastern SC"
    },
    "away_max_odds": {
        "odds": 3.2,
        "Platform": "Rollbit",
        "game_name": "Kaya FC–Iloilo -- Eastern SC",
        "standard_name": "Kaya FC–Iloilo -- Eastern SC"
    },
    "total_odds": 0.974787903667214
}
2024-10-25 12:10:06 [WARNING] 发现套利机会：{
    "home_max_odds": {
        "odds": 2.9,
        "Platform": "Rollbit",
        "game_name": "Kaya FC–Iloilo -- Eastern SC",
        "standard_name": "Kaya FC–Iloilo -- Eastern SC"
    },
    "draw_max_odds": {
        "odds": 3.15,
        "Platform": "Stake",
        "game_name": "Kaya FC–Iloilo -- Eastern Sports Club",
        "standard_name": "Kaya FC–Iloilo -- Eastern SC"
    },
    "away_max_odds": {
        "odds": 3.2,
        "Platform": "Rollbit",
        "game_name": "Kaya FC–Iloilo -- Eastern SC",
        "standard_name": "Kaya FC–Iloilo -- Eastern SC"
    },
    "total_odds": 0.974787903667214
}
2024-10-25 12:10:32 [WARNING] 发现套利机会：{
    "home_max_odds": {
        "odds": 2.95,
        "Platform": "Rollbit",
        "game_name": "Kaya FC–Iloilo -- Eastern SC",
        "standard_name": "Kaya FC–Iloilo -- Eastern SC"
    },
    "draw_max_odds": {
        "odds": 3.15,
        "Platform": "Stake",
        "game_name": "Kaya FC–Iloilo -- Eastern Sports Club",
        "standard_name": "Kaya FC–Iloilo -- Eastern SC"
    },
    "away_max_odds": {
        "odds": 3.15,
        "Platform": "Rollbit",
        "game_name": "Kaya FC–Iloilo -- Eastern SC",
        "standard_name": "Kaya FC–Iloilo -- Eastern SC"
    },
    "total_odds": 0.9739036857680925
}
2024-10-25 12:10:32 [WARNING] 发现套利机会：{
    "home_max_odds": {
        "odds": 2.95,
        "Platform": "Rollbit",
        "game_name": "Kaya FC–Iloilo -- Eastern SC",
        "standard_name": "Kaya FC–Iloilo -- Eastern SC"
    },
    "draw_max_odds": {
        "odds": 3.15,
        "Platform": "Stake",
        "game_name": "Kaya FC–Iloilo -- Eastern Sports Club",
        "standard_name": "Kaya FC–Iloilo -- Eastern SC"
    },
    "away_max_odds": {
        "odds": 3.15,
        "Platform": "Rollbit",
        "game_name": "Kaya FC–Iloilo -- Eastern SC",
        "standard_name": "Kaya FC–Iloilo -- Eastern SC"
    },
    "total_odds": 0.9739036857680925
}
2024-10-25 12:11:32 [WARNING] 发现套利机会：{
    "home_max_odds": {
        "odds": 3.0,
        "Platform": "Rollbit",
        "game_name": "Kaya FC–Iloilo -- Eastern SC",
        "standard_name": "Kaya FC–Iloilo -- Eastern SC"
    },
    "draw_max_odds": {
        "odds": 3.1,
        "Platform": "Stake",
        "game_name": "Kaya FC–Iloilo -- Eastern Sports Club",
        "standard_name": "Kaya FC–Iloilo -- Eastern SC"
    },
    "away_max_odds": {
        "odds": 3.15,
        "Platform": "Rollbit",
        "game_name": "Kaya FC–Iloilo -- Eastern SC",
        "standard_name": "Kaya FC–Iloilo -- Eastern SC"
    },
    "total_odds": 0.9733742959549411
}
2024-10-25 12:11:32 [WARNING] 发现套利机会：{
    "home_max_odds": {
        "odds": 3.0,
        "Platform": "Rollbit",
        "game_name": "Kaya FC–Iloilo -- Eastern SC",
        "standard_name": "Kaya FC–Iloilo -- Eastern SC"
    },
    "draw_max_odds": {
        "odds": 3.1,
        "Platform": "Stake",
        "game_name": "Kaya FC–Iloilo -- Eastern Sports Club",
        "standard_name": "Kaya FC–Iloilo -- Eastern SC"
    },
    "away_max_odds": {
        "odds": 3.15,
        "Platform": "Rollbit",
        "game_name": "Kaya FC–Iloilo -- Eastern SC",
        "standard_name": "Kaya FC–Iloilo -- Eastern SC"
    },
    "total_odds": 0.9733742959549411
}
2024-10-25 12:11:42 [WARNING] 标准名称Kaya FC–Iloilo -- Eastern SC的赔率存在零或负数，无法计算total_odds。
2024-10-25 12:11:42 [WARNING] 标准名称Kaya FC–Iloilo -- Eastern SC的赔率存在零或负数，无法计算total_odds。
2024-10-25 12:11:43 [WARNING] 标准名称Kaya FC–Iloilo -- Eastern SC的赔率存在零或负数，无法计算total_odds。
2024-10-25 12:11:43 [WARNING] 标准名称Kaya FC–Iloilo -- Eastern SC的赔率存在零或负数，无法计算total_odds。
2024-10-25 12:11:45 [WARNING] 标准名称Kaya FC–Iloilo -- Eastern SC的赔率存在零或负数，无法计算total_odds。
2024-10-25 12:11:45 [WARNING] 标准名称Kaya FC–Iloilo -- Eastern SC的赔率存在零或负数，无法计算total_odds。
2024-10-25 12:11:46 [WARNING] 标准名称Kaya FC–Iloilo -- Eastern SC的赔率存在零或负数，无法计算total_odds。
2024-10-25 12:11:46 [WARNING] 标准名称Kaya FC–Iloilo -- Eastern SC的赔率存在零或负数，无法计算total_odds。
2024-10-25 12:11:48 [WARNING] 标准名称Kaya FC–Iloilo -- Eastern SC的赔率存在零或负数，无法计算total_odds。
2024-10-25 12:11:48 [WARNING] 标准名称Kaya FC–Iloilo -- Eastern SC的赔率存在零或负数，无法计算total_odds。
2024-10-25 12:11:50 [WARNING] 标准名称Kaya FC–Iloilo -- Eastern SC的赔率存在零或负数，无法计算total_odds。
2024-10-25 12:11:50 [WARNING] 标准名称Kaya FC–Iloilo -- Eastern SC的赔率存在零或负数，无法计算total_odds。
2024-10-25 12:11:51 [WARNING] 标准名称Kaya FC–Iloilo -- Eastern SC的赔率存在零或负数，无法计算total_odds。
2024-10-25 12:11:51 [WARNING] 标准名称Kaya FC–Iloilo -- Eastern SC的赔率存在零或负数，无法计算total_odds。
2024-10-25 12:11:53 [WARNING] 标准名称Kaya FC–Iloilo -- Eastern SC的赔率存在零或负数，无法计算total_odds。
2024-10-25 12:11:53 [WARNING] 标准名称Kaya FC–Iloilo -- Eastern SC的赔率存在零或负数，无法计算total_odds。
2024-10-25 12:11:54 [WARNING] 标准名称Kaya FC–Iloilo -- Eastern SC的赔率存在零或负数，无法计算total_odds。
2024-10-25 12:11:54 [WARNING] 标准名称Kaya FC–Iloilo -- Eastern SC的赔率存在零或负数，无法计算total_odds。
2024-10-25 12:11:56 [WARNING] 标准名称Kaya FC–Iloilo -- Eastern SC的赔率存在零或负数，无法计算total_odds。
2024-10-25 12:11:56 [WARNING] 标准名称Kaya FC–Iloilo -- Eastern SC的赔率存在零或负数，无法计算total_odds。
2024-10-25 12:11:57 [WARNING] 标准名称Kaya FC–Iloilo -- Eastern SC的赔率存在零或负数，无法计算total_odds。
2024-10-25 12:11:57 [WARNING] 标准名称Kaya FC–Iloilo -- Eastern SC的赔率存在零或负数，无法计算total_odds。
2024-10-25 12:12:00 [WARNING] 标准名称Kaya FC–Iloilo -- Eastern SC的赔率存在零或负数，无法计算total_odds。
2024-10-25 12:12:00 [WARNING] 标准名称Kaya FC–Iloilo -- Eastern SC的赔率存在零或负数，无法计算total_odds。
2024-10-25 12:12:00 [WARNING] 标准名称Kaya FC–Iloilo -- Eastern SC的赔率存在零或负数，无法计算total_odds。
2024-10-25 12:12:00 [WARNING] 标准名称Kaya FC–Iloilo -- Eastern SC的赔率存在零或负数，无法计算total_odds。
2024-10-25 12:12:03 [WARNING] 标准名称Kaya FC–Iloilo -- Eastern SC的赔率存在零或负数，无法计算total_odds。
2024-10-25 12:12:03 [WARNING] 标准名称Kaya FC–Iloilo -- Eastern SC的赔率存在零或负数，无法计算total_odds。
2024-10-25 12:12:03 [WARNING] 标准名称Kaya FC–Iloilo -- Eastern SC的赔率存在零或负数，无法计算total_odds。
2024-10-25 12:12:03 [WARNING] 标准名称Kaya FC–Iloilo -- Eastern SC的赔率存在零或负数，无法计算total_odds。
2024-10-25 12:12:06 [WARNING] 标准名称Kaya FC–Iloilo -- Eastern SC的赔率存在零或负数，无法计算total_odds。
2024-10-25 12:12:06 [WARNING] 标准名称Kaya FC–Iloilo -- Eastern SC的赔率存在零或负数，无法计算total_odds。
2024-10-25 12:12:06 [WARNING] 标准名称Kaya FC–Iloilo -- Eastern SC的赔率存在零或负数，无法计算total_odds。
2024-10-25 12:12:06 [WARNING] 标准名称Kaya FC–Iloilo -- Eastern SC的赔率存在零或负数，无法计算total_odds。
2024-10-25 12:12:09 [WARNING] 标准名称Kaya FC–Iloilo -- Eastern SC的赔率存在零或负数，无法计算total_odds。
2024-10-25 12:12:09 [WARNING] 标准名称Kaya FC–Iloilo -- Eastern SC的赔率存在零或负数，无法计算total_odds。
2024-10-25 12:12:09 [WARNING] 标准名称Kaya FC–Iloilo -- Eastern SC的赔率存在零或负数，无法计算total_odds。
2024-10-25 12:12:09 [WARNING] 标准名称Kaya FC–Iloilo -- Eastern SC的赔率存在零或负数，无法计算total_odds。
2024-10-25 12:12:12 [WARNING] 标准名称Kaya FC–Iloilo -- Eastern SC的赔率存在零或负数，无法计算total_odds。
2024-10-25 12:12:12 [WARNING] 标准名称Kaya FC–Iloilo -- Eastern SC的赔率存在零或负数，无法计算total_odds。
2024-10-25 12:12:13 [WARNING] 标准名称Kaya FC–Iloilo -- Eastern SC的赔率存在零或负数，无法计算total_odds。
2024-10-25 12:12:13 [WARNING] 标准名称Kaya FC–Iloilo -- Eastern SC的赔率存在零或负数，无法计算total_odds。
2024-10-25 12:12:15 [WARNING] 标准名称Kaya FC–Iloilo -- Eastern SC的赔率存在零或负数，无法计算total_odds。
2024-10-25 12:12:15 [WARNING] 标准名称Kaya FC–Iloilo -- Eastern SC的赔率存在零或负数，无法计算total_odds。
2024-10-25 12:12:16 [WARNING] 标准名称Kaya FC–Iloilo -- Eastern SC的赔率存在零或负数，无法计算total_odds。
2024-10-25 12:12:16 [WARNING] 标准名称Kaya FC–Iloilo -- Eastern SC的赔率存在零或负数，无法计算total_odds。
2024-10-25 12:12:18 [WARNING] 标准名称Kaya FC–Iloilo -- Eastern SC的赔率存在零或负数，无法计算total_odds。
2024-10-25 12:12:18 [WARNING] 标准名称Kaya FC–Iloilo -- Eastern SC的赔率存在零或负数，无法计算total_odds。
2024-10-25 12:12:19 [WARNING] 标准名称Kaya FC–Iloilo -- Eastern SC的赔率存在零或负数，无法计算total_odds。
2024-10-25 12:12:19 [WARNING] 标准名称Kaya FC–Iloilo -- Eastern SC的赔率存在零或负数，无法计算total_odds。
2024-10-25 12:12:21 [WARNING] 标准名称Kaya FC–Iloilo -- Eastern SC的赔率存在零或负数，无法计算total_odds。
2024-10-25 12:12:21 [WARNING] 标准名称Kaya FC–Iloilo -- Eastern SC的赔率存在零或负数，无法计算total_odds。
2024-10-25 12:12:22 [WARNING] 标准名称Kaya FC–Iloilo -- Eastern SC的赔率存在零或负数，无法计算total_odds。
2024-10-25 12:12:22 [WARNING] 标准名称Kaya FC–Iloilo -- Eastern SC的赔率存在零或负数，无法计算total_odds。
2024-10-25 12:12:24 [WARNING] 标准名称Kaya FC–Iloilo -- Eastern SC的赔率存在零或负数，无法计算total_odds。
2024-10-25 12:12:24 [WARNING] 标准名称Kaya FC–Iloilo -- Eastern SC的赔率存在零或负数，无法计算total_odds。
2024-10-25 12:12:26 [WARNING] 标准名称Kaya FC–Iloilo -- Eastern SC的赔率存在零或负数，无法计算total_odds。
2024-10-25 12:12:26 [WARNING] 标准名称Kaya FC–Iloilo -- Eastern SC的赔率存在零或负数，无法计算total_odds。
2024-10-25 12:12:27 [WARNING] 标准名称Kaya FC–Iloilo -- Eastern SC的赔率存在零或负数，无法计算total_odds。
2024-10-25 12:12:27 [WARNING] 标准名称Kaya FC–Iloilo -- Eastern SC的赔率存在零或负数，无法计算total_odds。
2024-10-25 12:12:29 [WARNING] 标准名称Kaya FC–Iloilo -- Eastern SC的赔率存在零或负数，无法计算total_odds。
2024-10-25 12:12:29 [WARNING] 标准名称Kaya FC–Iloilo -- Eastern SC的赔率存在零或负数，无法计算total_odds。
2024-10-25 12:12:30 [WARNING] 标准名称Kaya FC–Iloilo -- Eastern SC的赔率存在零或负数，无法计算total_odds。
2024-10-25 12:12:30 [WARNING] 标准名称Kaya FC–Iloilo -- Eastern SC的赔率存在零或负数，无法计算total_odds。
2024-10-25 12:12:32 [WARNING] 标准名称Kaya FC–Iloilo -- Eastern SC的赔率存在零或负数，无法计算total_odds。
2024-10-25 12:12:32 [WARNING] 标准名称Kaya FC–Iloilo -- Eastern SC的赔率存在零或负数，无法计算total_odds。
2024-10-25 12:12:33 [WARNING] 标准名称Kaya FC–Iloilo -- Eastern SC的赔率存在零或负数，无法计算total_odds。
2024-10-25 12:12:33 [WARNING] 标准名称Kaya FC–Iloilo -- Eastern SC的赔率存在零或负数，无法计算total_odds。
2024-10-25 12:12:36 [WARNING] 标准名称Kaya FC–Iloilo -- Eastern SC的赔率存在零或负数，无法计算total_odds。
2024-10-25 12:12:36 [WARNING] 标准名称Kaya FC–Iloilo -- Eastern SC的赔率存在零或负数，无法计算total_odds。
2024-10-25 12:12:36 [WARNING] 标准名称Kaya FC–Iloilo -- Eastern SC的赔率存在零或负数，无法计算total_odds。
2024-10-25 12:12:36 [WARNING] 标准名称Kaya FC–Iloilo -- Eastern SC的赔率存在零或负数，无法计算total_odds。
2024-10-25 12:12:39 [WARNING] 标准名称Kaya FC–Iloilo -- Eastern SC的赔率存在零或负数，无法计算total_odds。
2024-10-25 12:12:39 [WARNING] 标准名称Kaya FC–Iloilo -- Eastern SC的赔率存在零或负数，无法计算total_odds。
2024-10-25 12:12:39 [WARNING] 标准名称Kaya FC–Iloilo -- Eastern SC的赔率存在零或负数，无法计算total_odds。
2024-10-25 12:12:39 [WARNING] 标准名称Kaya FC–Iloilo -- Eastern SC的赔率存在零或负数，无法计算total_odds。
2024-10-25 12:12:42 [WARNING] 标准名称Kaya FC–Iloilo -- Eastern SC的赔率存在零或负数，无法计算total_odds。
2024-10-25 12:12:42 [WARNING] 标准名称Kaya FC–Iloilo -- Eastern SC的赔率存在零或负数，无法计算total_odds。
2024-10-25 12:12:42 [WARNING] 标准名称Kaya FC–Iloilo -- Eastern SC的赔率存在零或负数，无法计算total_odds。
2024-10-25 12:12:42 [WARNING] 标准名称Kaya FC–Iloilo -- Eastern SC的赔率存在零或负数，无法计算total_odds。
2024-10-25 12:12:45 [WARNING] 标准名称Kaya FC–Iloilo -- Eastern SC的赔率存在零或负数，无法计算total_odds。
2024-10-25 12:12:45 [WARNING] 标准名称Kaya FC–Iloilo -- Eastern SC的赔率存在零或负数，无法计算total_odds。
2024-10-25 12:12:45 [WARNING] 标准名称Kaya FC–Iloilo -- Eastern SC的赔率存在零或负数，无法计算total_odds。
2024-10-25 12:12:45 [WARNING] 标准名称Kaya FC–Iloilo -- Eastern SC的赔率存在零或负数，无法计算total_odds。
2024-10-25 12:12:48 [WARNING] 标准名称Kaya FC–Iloilo -- Eastern SC的赔率存在零或负数，无法计算total_odds。
2024-10-25 12:12:48 [WARNING] 标准名称Kaya FC–Iloilo -- Eastern SC的赔率存在零或负数，无法计算total_odds。
2024-10-25 12:12:49 [WARNING] 标准名称Kaya FC–Iloilo -- Eastern SC的赔率存在零或负数，无法计算total_odds。
2024-10-25 12:12:49 [WARNING] 标准名称Kaya FC–Iloilo -- Eastern SC的赔率存在零或负数，无法计算total_odds。
2024-10-25 12:12:51 [WARNING] 标准名称Kaya FC–Iloilo -- Eastern SC的赔率存在零或负数，无法计算total_odds。
2024-10-25 12:12:51 [WARNING] 标准名称Kaya FC–Iloilo -- Eastern SC的赔率存在零或负数，无法计算total_odds。
2024-10-25 12:12:52 [WARNING] 标准名称Kaya FC–Iloilo -- Eastern SC的赔率存在零或负数，无法计算total_odds。
2024-10-25 12:12:52 [WARNING] 标准名称Kaya FC–Iloilo -- Eastern SC的赔率存在零或负数，无法计算total_odds。
2024-10-25 12:12:54 [WARNING] 标准名称Kaya FC–Iloilo -- Eastern SC的赔率存在零或负数，无法计算total_odds。
2024-10-25 12:12:54 [WARNING] 标准名称Kaya FC–Iloilo -- Eastern SC的赔率存在零或负数，无法计算total_odds。
2024-10-25 12:12:55 [WARNING] 标准名称Kaya FC–Iloilo -- Eastern SC的赔率存在零或负数，无法计算total_odds。
2024-10-25 12:12:55 [WARNING] 标准名称Kaya FC–Iloilo -- Eastern SC的赔率存在零或负数，无法计算total_odds。
2024-10-25 12:12:57 [WARNING] 标准名称Kaya FC–Iloilo -- Eastern SC的赔率存在零或负数，无法计算total_odds。
2024-10-25 12:12:57 [WARNING] 标准名称Kaya FC–Iloilo -- Eastern SC的赔率存在零或负数，无法计算total_odds。
2024-10-25 12:12:58 [WARNING] 标准名称Kaya FC–Iloilo -- Eastern SC的赔率存在零或负数，无法计算total_odds。
2024-10-25 12:12:58 [WARNING] 标准名称Kaya FC–Iloilo -- Eastern SC的赔率存在零或负数，无法计算total_odds。
2024-10-25 12:13:00 [WARNING] 标准名称Kaya FC–Iloilo -- Eastern SC的赔率存在零或负数，无法计算total_odds。
2024-10-25 12:13:00 [WARNING] 标准名称Kaya FC–Iloilo -- Eastern SC的赔率存在零或负数，无法计算total_odds。
2024-10-25 12:13:02 [WARNING] 标准名称Kaya FC–Iloilo -- Eastern SC的赔率存在零或负数，无法计算total_odds。
2024-10-25 12:13:02 [WARNING] 标准名称Kaya FC–Iloilo -- Eastern SC的赔率存在零或负数，无法计算total_odds。
2024-10-25 12:13:03 [WARNING] 标准名称Kaya FC–Iloilo -- Eastern SC的赔率存在零或负数，无法计算total_odds。
2024-10-25 12:13:03 [WARNING] 标准名称Kaya FC–Iloilo -- Eastern SC的赔率存在零或负数，无法计算total_odds。
2024-10-25 12:13:05 [WARNING] 标准名称Kaya FC–Iloilo -- Eastern SC的赔率存在零或负数，无法计算total_odds。
2024-10-25 12:13:05 [WARNING] 标准名称Kaya FC–Iloilo -- Eastern SC的赔率存在零或负数，无法计算total_odds。
2024-10-25 12:13:06 [WARNING] 标准名称Kaya FC–Iloilo -- Eastern SC的赔率存在零或负数，无法计算total_odds。
2024-10-25 12:13:06 [WARNING] 标准名称Kaya FC–Iloilo -- Eastern SC的赔率存在零或负数，无法计算total_odds。
2024-10-25 12:13:08 [WARNING] 标准名称Kaya FC–Iloilo -- Eastern SC的赔率存在零或负数，无法计算total_odds。
2024-10-25 12:13:08 [WARNING] 标准名称Kaya FC–Iloilo -- Eastern SC的赔率存在零或负数，无法计算total_odds。
2024-10-25 12:13:09 [WARNING] 标准名称Kaya FC–Iloilo -- Eastern SC的赔率存在零或负数，无法计算total_odds。
2024-10-25 12:13:09 [WARNING] 标准名称Kaya FC–Iloilo -- Eastern SC的赔率存在零或负数，无法计算total_odds。
2024-10-25 12:13:12 [WARNING] 标准名称Kaya FC–Iloilo -- Eastern SC的赔率存在零或负数，无法计算total_odds。
2024-10-25 12:13:12 [WARNING] 标准名称Kaya FC–Iloilo -- Eastern SC的赔率存在零或负数，无法计算total_odds。
2024-10-25 12:13:13 [WARNING] 标准名称Kaya FC–Iloilo -- Eastern SC的赔率存在零或负数，无法计算total_odds。
2024-10-25 12:13:13 [WARNING] 标准名称Kaya FC–Iloilo -- Eastern SC的赔率存在零或负数，无法计算total_odds。
2024-10-25 12:13:15 [WARNING] 标准名称Kaya FC–Iloilo -- Eastern SC的赔率存在零或负数，无法计算total_odds。
2024-10-25 12:13:15 [WARNING] 标准名称Kaya FC–Iloilo -- Eastern SC的赔率存在零或负数，无法计算total_odds。
2024-10-25 12:13:16 [WARNING] 标准名称Kaya FC–Iloilo -- Eastern SC的赔率存在零或负数，无法计算total_odds。
2024-10-25 12:13:16 [WARNING] 标准名称Kaya FC–Iloilo -- Eastern SC的赔率存在零或负数，无法计算total_odds。
2024-10-25 12:13:18 [WARNING] 标准名称Kaya FC–Iloilo -- Eastern SC的赔率存在零或负数，无法计算total_odds。
2024-10-25 12:13:18 [WARNING] 标准名称Kaya FC–Iloilo -- Eastern SC的赔率存在零或负数，无法计算total_odds。
2024-10-25 12:13:19 [WARNING] 标准名称Kaya FC–Iloilo -- Eastern SC的赔率存在零或负数，无法计算total_odds。
2024-10-25 12:13:19 [WARNING] 标准名称Kaya FC–Iloilo -- Eastern SC的赔率存在零或负数，无法计算total_odds。
